Log file open, 02/10/23 10:54:52
LogWindows: Failed to load 'aqProf.dll' (GetLastError=126)
LogWindows: File 'aqProf.dll' does not exist
LogWindows: Failed to load 'VtuneApi.dll' (GetLastError=126)
LogWindows: File 'VtuneApi.dll' does not exist
LogWindows: Failed to load 'VtuneApi32e.dll' (GetLastError=126)
LogWindows: File 'VtuneApi32e.dll' does not exist
LogConsoleResponse: Display: Failed to find resolution value strings in scalability ini. Falling back to default.
LogConsoleResponse: Display: Failed to find resolution value strings in scalability ini. Falling back to default.
LogInit: Display: Running engine for game: ProgressiveGame
LogPlatformFile: Not using cached read wrapper
LogTaskGraph: Started task graph with 5 named threads and 47 total threads with 3 sets of task threads.
LogStats: Stats thread started at 0.439065
LogICUInternationalization: ICU TimeZone Detection - Raw Offset: +0:00, Platform Override: ''
LogInit: Display: Loading text-based GConfig....
LogPluginManager: Mounting plugin MeshPainting
LogPluginManager: Mounting plugin XGEController
LogPluginManager: Mounting plugin Paper2D
LogPluginManager: Mounting plugin LiveLink
LogPluginManager: Mounting plugin AISupport
LogPluginManager: Mounting plugin EnvironmentQueryEditor
LogPluginManager: Mounting plugin CameraShakePreviewer
LogPluginManager: Mounting plugin LightPropagationVolume
LogPluginManager: Mounting plugin GameplayCameras
LogPluginManager: Mounting plugin OodleNetwork
LogPluginManager: Mounting plugin OodleData
LogPluginManager: Mounting plugin AnimationSharing
LogPluginManager: Mounting plugin CLionSourceCodeAccess
LogPluginManager: Mounting plugin CodeLiteSourceCodeAccess
LogPluginManager: Mounting plugin AssetManagerEditor
LogPluginManager: Mounting plugin KDevelopSourceCodeAccess
LogPluginManager: Mounting plugin GitSourceControl
LogPluginManager: Mounting plugin CryptoKeys
LogPluginManager: Mounting plugin NullSourceCodeAccess
LogPluginManager: Mounting plugin CurveEditorTools
LogPluginManager: Mounting plugin DataValidation
LogPluginManager: Mounting plugin PerforceSourceControl
LogPluginManager: Mounting plugin GameplayTagsEditor
LogPluginManager: Mounting plugin FacialAnimation
LogPluginManager: Mounting plugin PixWinPlugin
LogPluginManager: Mounting plugin PropertyAccessNode
LogPluginManager: Mounting plugin PluginUtils
LogPluginManager: Mounting plugin PlasticSourceControl
LogPluginManager: Mounting plugin MacGraphicsSwitching
LogPluginManager: Mounting plugin GeometryMode
LogPluginManager: Mounting plugin MaterialAnalyzer
LogPluginManager: Mounting plugin MobileLauncherProfileWizard
LogPluginManager: Mounting plugin RiderSourceCodeAccess
LogPluginManager: Mounting plugin SubversionSourceControl
LogPluginManager: Mounting plugin TextureFormatOodle
LogPluginManager: Mounting plugin PluginBrowser
LogPluginManager: Mounting plugin SpeedTreeImporter
LogPluginManager: Mounting plugin UObjectPlugin
LogPluginManager: Mounting plugin VisualStudioCodeSourceCodeAccess
LogPluginManager: Mounting plugin XCodeSourceCodeAccess
LogPluginManager: Mounting plugin VisualStudioSourceCodeAccess
LogPluginManager: Mounting plugin DatasmithContent
LogPluginManager: Mounting plugin VariantManagerContent
LogPluginManager: Mounting plugin Niagara
LogPluginManager: Mounting plugin AutomationUtils
LogPluginManager: Mounting plugin AlembicImporter
LogPluginManager: Mounting plugin BackChannel
LogPluginManager: Mounting plugin ChaosCloth
LogPluginManager: Mounting plugin ChaosClothEditor
LogPluginManager: Mounting plugin ChaosEditor
LogPluginManager: Mounting plugin ChaosSolverPlugin
LogPluginManager: Mounting plugin ChaosNiagara
LogPluginManager: Mounting plugin CharacterAI
LogPluginManager: Mounting plugin GeometryCache
LogPluginManager: Mounting plugin LuminPlatformFeatures
LogPluginManager: Mounting plugin MagicLeap
LogPluginManager: Mounting plugin GeometryCollectionPlugin
LogPluginManager: Mounting plugin MagicLeapLightEstimation
LogPluginManager: Mounting plugin MagicLeapMedia
LogPluginManager: Mounting plugin GeometryProcessing
LogPluginManager: Mounting plugin MagicLeapPassableWorld
LogPluginManager: Mounting plugin MLSDK
LogPluginManager: Mounting plugin MotoSynth
LogPluginManager: Mounting plugin OpenImageDenoise
LogPluginManager: Mounting plugin PlatformCrypto
LogPluginManager: Mounting plugin ProxyLODPlugin
LogPluginManager: Mounting plugin PlanarCut
LogPluginManager: Mounting plugin PythonScriptPlugin
LogPluginManager: Mounting plugin SkeletalReduction
LogPluginManager: Mounting plugin AvfMedia
LogPluginManager: Mounting plugin AndroidMedia
LogPluginManager: Mounting plugin ImgMedia
LogPluginManager: Mounting plugin MediaCompositing
LogPluginManager: Mounting plugin MediaPlayerEditor
LogPluginManager: Mounting plugin TcpMessaging
LogPluginManager: Mounting plugin WmfMedia
LogPluginManager: Mounting plugin WebMMedia
LogPluginManager: Mounting plugin UdpMessaging
LogPluginManager: Mounting plugin MatineeToLevelSequence
LogPluginManager: Mounting plugin ActorSequence
LogPluginManager: Mounting plugin TemplateSequence
LogPluginManager: Mounting plugin LevelSequenceEditor
LogPluginManager: Mounting plugin OnlineSubsystem
LogPluginManager: Mounting plugin OnlineSubsystemNull
LogPluginManager: Mounting plugin OnlineSubsystemUtils
LogPluginManager: Mounting plugin ActorLayerUtilities
LogPluginManager: Mounting plugin LauncherChunkInstaller
LogPluginManager: Mounting plugin AndroidMoviePlayer
LogPluginManager: Mounting plugin AndroidDeviceProfileSelector
LogPluginManager: Mounting plugin AndroidPermission
LogPluginManager: Mounting plugin AppleMoviePlayer
LogPluginManager: Mounting plugin AssetTags
LogPluginManager: Mounting plugin AppleImageUtils
LogPluginManager: Mounting plugin AudioCapture
LogPluginManager: Mounting plugin ArchVisCharacter
LogPluginManager: Mounting plugin CableComponent
LogPluginManager: Mounting plugin AudioSynesthesia
LogPluginManager: Mounting plugin CustomMeshComponent
LogPluginManager: Mounting plugin ChunkDownloader
LogPluginManager: Mounting plugin ExampleDeviceProfileSelector
LogPluginManager: Mounting plugin GooglePAD
LogPluginManager: Mounting plugin EditableMesh
LogPluginManager: Mounting plugin GoogleCloudMessaging
LogPluginManager: Mounting plugin IOSDeviceProfileSelector
LogPluginManager: Mounting plugin LinuxDeviceProfileSelector
LogPluginManager: Mounting plugin LocationServicesBPLibrary
LogPluginManager: Mounting plugin MobilePatchingUtils
LogPluginManager: Mounting plugin OpenXRHandTracking
LogPluginManager: Mounting plugin OpenXREyeTracker
LogPluginManager: Mounting plugin OpenXR
LogPluginManager: Mounting plugin PhysXVehicles
LogPluginManager: Mounting plugin PostSplashScreen
LogPluginManager: Mounting plugin ProceduralMeshComponent
LogPluginManager: Mounting plugin PropertyAccessEditor
LogPluginManager: Mounting plugin RuntimePhysXCooking
LogPluginManager: Mounting plugin SignificanceManager
LogPluginManager: Mounting plugin SoundFields
LogPluginManager: Mounting plugin Synthesis
LogPluginManager: Mounting plugin WebMMoviePlayer
LogPluginManager: Mounting plugin WindowsMoviePlayer
LogPluginManager: Mounting plugin ScreenshotTools
LogPluginManager: Mounting plugin Takes
LogPluginManager: Mounting plugin ContentBrowserAssetDataSource
LogPluginManager: Mounting plugin ContentBrowserClassDataSource
LogPluginManager: Mounting plugin ContentBrowserFileDataSource
LogPluginManager: Mounting plugin OnlineSubsystemIOS
LogPluginManager: Mounting plugin OnlineSubsystemGooglePlay
LogPluginManager: Mounting plugin OculusVR
LogPluginManager: Mounting plugin SteamVR
PixWinPlugin: PIX capture plugin failed to initialize! Check that the process is launched from PIX.
LogInit: Using libcurl 7.55.1-DEV
LogInit:  - built for x86_64-pc-win32
LogInit:  - supports SSL with OpenSSL/1.1.1
LogInit:  - supports HTTP deflate (compression) using libz 1.2.8
LogInit:  - other features:
LogInit:      CURL_VERSION_SSL
LogInit:      CURL_VERSION_LIBZ
LogInit:      CURL_VERSION_IPV6
LogInit:      CURL_VERSION_ASYNCHDNS
LogInit:      CURL_VERSION_LARGEFILE
LogInit:      CURL_VERSION_IDN
LogInit:  CurlRequestOptions (configurable via config and command line):
LogInit:  - bVerifyPeer = true  - Libcurl will verify peer certificate
LogInit:  - bUseHttpProxy = false  - Libcurl will NOT use HTTP proxy
LogInit:  - bDontReuseConnections = false  - Libcurl will reuse connections
LogInit:  - MaxHostConnections = 16  - Libcurl will limit the number of connections to a host
LogInit:  - LocalHostAddr = Default
LogInit:  - BufferSize = 65536
LogOnline: OSS: Creating online subsystem instance for: NULL
LogInit: WinSock: version 1.1 (2.2), MaxSocks=32767, MaxUdp=65467
LogOnline: OSS: TryLoadSubsystemAndSetDefault: Loaded subsystem for module [NULL]
LogOculusPluginWrapper: OculusPlugin initialized successfully
LogHMD: Failed initializing OVRPlugin 1.59.0
LogInit: Build: ++UE4+Release-4.27-CL-18319896
LogInit: Engine Version: 4.27.2-18319896+++UE4+Release-4.27
LogInit: Compatible Engine Version: 4.27.0-17155196+++UE4+Release-4.27
LogInit: Net CL: 17155196
LogInit: OS: Windows 10 (Release 2009) (), CPU: Intel(R) Core(TM) i7-10700K CPU @ 3.80GHz, GPU: NVIDIA GeForce RTX 2060 SUPER
LogInit: Compiled (64-bit): Nov 30 2021 07:12:08
LogInit: Compiled with Visual C++: 19.24.28315.00
LogInit: Build Configuration: Development
LogInit: Branch Name: ++UE4+Release-4.27
LogInit: Command Line: 
LogInit: Base Directory: C:/Program Files/Epic Games/UE_4.27/Engine/Binaries/Win64/
LogInit: Allocator: TBB
LogInit: Installed Engine Build: 1
LogDevObjectVersion: Number of dev versions registered: 29
LogDevObjectVersion:   Dev-Blueprints (B0D832E4-1F89-4F0D-ACCF-7EB736FD4AA2): 10
LogDevObjectVersion:   Dev-Build (E1C64328-A22C-4D53-A36C-8E866417BD8C): 0
LogDevObjectVersion:   Dev-Core (375EC13C-06E4-48FB-B500-84F0262A717E): 4
LogDevObjectVersion:   Dev-Editor (E4B068ED-F494-42E9-A231-DA0B2E46BB41): 40
LogDevObjectVersion:   Dev-Framework (CFFC743F-43B0-4480-9391-14DF171D2073): 37
LogDevObjectVersion:   Dev-Mobile (B02B49B5-BB20-44E9-A304-32B752E40360): 3
LogDevObjectVersion:   Dev-Networking (A4E4105C-59A1-49B5-A7C5-40C4547EDFEE): 0
LogDevObjectVersion:   Dev-Online (39C831C9-5AE6-47DC-9A44-9C173E1C8E7C): 0
LogDevObjectVersion:   Dev-Physics (78F01B33-EBEA-4F98-B9B4-84EACCB95AA2): 14
LogDevObjectVersion:   Dev-Platform (6631380F-2D4D-43E0-8009-CF276956A95A): 0
LogDevObjectVersion:   Dev-Rendering (12F88B9F-8875-4AFC-A67C-D90C383ABD29): 45
LogDevObjectVersion:   Dev-Sequencer (7B5AE74C-D270-4C10-A958-57980B212A5A): 13
LogDevObjectVersion:   Dev-VR (D7296918-1DD6-4BDD-9DE2-64A83CC13884): 3
LogDevObjectVersion:   Dev-LoadTimes (C2A15278-BFE7-4AFE-6C17-90FF531DF755): 1
LogDevObjectVersion:   Private-Geometry (6EACA3D4-40EC-4CC1-B786-8BED09428FC5): 3
LogDevObjectVersion:   Dev-AnimPhys (29E575DD-E0A3-4627-9D10-D276232CDCEA): 17
LogDevObjectVersion:   Dev-Anim (AF43A65D-7FD3-4947-9873-3E8ED9C1BB05): 15
LogDevObjectVersion:   Dev-ReflectionCapture (6B266CEC-1EC7-4B8F-A30B-E4D90942FC07): 1
LogDevObjectVersion:   Dev-Automation (0DF73D61-A23F-47EA-B727-89E90C41499A): 1
LogDevObjectVersion:   FortniteMain (601D1886-AC64-4F84-AA16-D3DE0DEAC7D6): 47
LogDevObjectVersion:   FortniteRelease (E7086368-6B23-4C58-8439-1B7016265E91): 1
LogDevObjectVersion:   Dev-Enterprise (9DFFBCD6-494F-0158-E221-12823C92A888): 10
LogDevObjectVersion:   Dev-Niagara (F2AED0AC-9AFE-416F-8664-AA7FFA26D6FC): 1
LogDevObjectVersion:   Dev-Destruction (174F1F0B-B4C6-45A5-B13F-2EE8D0FB917D): 10
LogDevObjectVersion:   Dev-Physics-Ext (35F94A83-E258-406C-A318-09F59610247C): 41
LogDevObjectVersion:   Dev-PhysicsMaterial-Chaos (B68FC16E-8B1B-42E2-B453-215C058844FE): 1
LogDevObjectVersion:   Dev-CineCamera (B2E18506-4273-CFC2-A54E-F4BB758BBA07): 1
LogDevObjectVersion:   Dev-VirtualProduction (64F58936-FD1B-42BA-BA96-7289D5D0FA4E): 1
LogDevObjectVersion:   Dev-MediaFramework (6F0ED827-A609-4895-9C91-998D90180EA4): 2
LogInit: Presizing for max 25165824 objects, including 0 objects not considered by GC, pre-allocating 0 bytes for permanent pool.
LogConfig: Applying CVar settings from Section [/Script/Engine.StreamingSettings] File [H:/Documents/GitHub/ProgressiveGameEngine/ProgressiveGame/Saved/Config/Windows/Engine.ini]
LogConfig: Setting CVar [[s.MinBulkDataSizeForAsyncLoading:131072]]
LogConfig: Setting CVar [[s.AsyncLoadingThreadEnabled:0]]
LogConfig: Setting CVar [[s.EventDrivenLoaderEnabled:1]]
LogConfig: Setting CVar [[s.WarnIfTimeLimitExceeded:0]]
LogConfig: Setting CVar [[s.TimeLimitExceededMultiplier:1.5]]
LogConfig: Setting CVar [[s.TimeLimitExceededMinTime:0.005]]
LogConfig: Setting CVar [[s.UseBackgroundLevelStreaming:1]]
LogConfig: Setting CVar [[s.PriorityAsyncLoadingExtraTime:15.0]]
LogConfig: Setting CVar [[s.LevelStreamingActorsUpdateTimeLimit:5.0]]
LogConfig: Setting CVar [[s.PriorityLevelStreamingActorsUpdateExtraTime:5.0]]
LogConfig: Setting CVar [[s.LevelStreamingComponentsRegistrationGranularity:10]]
LogConfig: Setting CVar [[s.UnregisterComponentsTimeLimit:1.0]]
LogConfig: Setting CVar [[s.LevelStreamingComponentsUnregistrationGranularity:5]]
LogConfig: Setting CVar [[s.FlushStreamingOnExit:1]]
LogInit: Object subsystem initialized
LogConfig: Setting CVar [[con.DebugEarlyDefault:1]]
LogConfig: Setting CVar [[r.setres:1280x720]]
[2023.02.10-10.54.55:763][  0]LogConfig: Setting CVar [[r.VSync:0]]
[2023.02.10-10.54.55:763][  0]LogConfig: Setting CVar [[r.RHICmdBypass:0]]
[2023.02.10-10.54.55:763][  0]LogConfig: Applying CVar settings from Section [/Script/Engine.RendererSettings] File [H:/Documents/GitHub/ProgressiveGameEngine/ProgressiveGame/Saved/Config/Windows/Engine.ini]
[2023.02.10-10.54.55:763][  0]LogConfig: Setting CVar [[r.GPUCrashDebugging:0]]
[2023.02.10-10.54.55:763][  0]LogConfig: Applying CVar settings from Section [/Script/Engine.RendererOverrideSettings] File [H:/Documents/GitHub/ProgressiveGameEngine/ProgressiveGame/Saved/Config/Windows/Engine.ini]
[2023.02.10-10.54.55:763][  0]LogConfig: Applying CVar settings from Section [/Script/Engine.StreamingSettings] File [H:/Documents/GitHub/ProgressiveGameEngine/ProgressiveGame/Saved/Config/Windows/Engine.ini]
[2023.02.10-10.54.55:763][  0]LogConfig: Setting CVar [[s.MinBulkDataSizeForAsyncLoading:131072]]
[2023.02.10-10.54.55:763][  0]LogConfig: Setting CVar [[s.AsyncLoadingThreadEnabled:0]]
[2023.02.10-10.54.55:763][  0]LogConfig: Setting CVar [[s.EventDrivenLoaderEnabled:1]]
[2023.02.10-10.54.55:763][  0]LogConfig: Setting CVar [[s.WarnIfTimeLimitExceeded:0]]
[2023.02.10-10.54.55:763][  0]LogConfig: Setting CVar [[s.TimeLimitExceededMultiplier:1.5]]
[2023.02.10-10.54.55:763][  0]LogConfig: Setting CVar [[s.TimeLimitExceededMinTime:0.005]]
[2023.02.10-10.54.55:763][  0]LogConfig: Setting CVar [[s.UseBackgroundLevelStreaming:1]]
[2023.02.10-10.54.55:763][  0]LogConfig: Setting CVar [[s.PriorityAsyncLoadingExtraTime:15.0]]
[2023.02.10-10.54.55:763][  0]LogConfig: Setting CVar [[s.LevelStreamingActorsUpdateTimeLimit:5.0]]
[2023.02.10-10.54.55:763][  0]LogConfig: Setting CVar [[s.PriorityLevelStreamingActorsUpdateExtraTime:5.0]]
[2023.02.10-10.54.55:763][  0]LogConfig: Setting CVar [[s.LevelStreamingComponentsRegistrationGranularity:10]]
[2023.02.10-10.54.55:763][  0]LogConfig: Setting CVar [[s.UnregisterComponentsTimeLimit:1.0]]
[2023.02.10-10.54.55:763][  0]LogConfig: Setting CVar [[s.LevelStreamingComponentsUnregistrationGranularity:5]]
[2023.02.10-10.54.55:763][  0]LogConfig: Setting CVar [[s.FlushStreamingOnExit:1]]
[2023.02.10-10.54.55:763][  0]LogConfig: Applying CVar settings from Section [/Script/Engine.GarbageCollectionSettings] File [H:/Documents/GitHub/ProgressiveGameEngine/ProgressiveGame/Saved/Config/Windows/Engine.ini]
[2023.02.10-10.54.55:763][  0]LogConfig: Setting CVar [[gc.MaxObjectsNotConsideredByGC:1]]
[2023.02.10-10.54.55:763][  0]LogConfig: Setting CVar [[gc.SizeOfPermanentObjectPool:0]]
[2023.02.10-10.54.55:763][  0]LogConfig: Setting CVar [[gc.FlushStreamingOnGC:0]]
[2023.02.10-10.54.55:763][  0]LogConfig: Setting CVar [[gc.NumRetriesBeforeForcingGC:10]]
[2023.02.10-10.54.55:763][  0]LogConfig: Setting CVar [[gc.AllowParallelGC:1]]
[2023.02.10-10.54.55:763][  0]LogConfig: Setting CVar [[gc.TimeBetweenPurgingPendingKillObjects:61.1]]
[2023.02.10-10.54.55:763][  0]LogConfig: Setting CVar [[gc.MaxObjectsInEditor:25165824]]
[2023.02.10-10.54.55:763][  0]LogConfig: Setting CVar [[gc.IncrementalBeginDestroyEnabled:1]]
[2023.02.10-10.54.55:763][  0]LogConfig: Setting CVar [[gc.CreateGCClusters:1]]
[2023.02.10-10.54.55:763][  0]LogConfig: Setting CVar [[gc.MinGCClusterSize:5]]
[2023.02.10-10.54.55:763][  0]LogConfig: Setting CVar [[gc.ActorClusteringEnabled:0]]
[2023.02.10-10.54.55:763][  0]LogConfig: Setting CVar [[gc.BlueprintClusteringEnabled:0]]
[2023.02.10-10.54.55:763][  0]LogConfig: Setting CVar [[gc.UseDisregardForGCOnDedicatedServers:0]]
[2023.02.10-10.54.55:763][  0]LogConfig: Setting CVar [[gc.MultithreadedDestructionEnabled:1]]
[2023.02.10-10.54.55:763][  0]LogConfig: Applying CVar settings from Section [/Script/Engine.NetworkSettings] File [H:/Documents/GitHub/ProgressiveGameEngine/ProgressiveGame/Saved/Config/Windows/Engine.ini]
[2023.02.10-10.54.55:763][  0]LogConfig: Applying CVar settings from Section [/Script/UnrealEd.CookerSettings] File [H:/Documents/GitHub/ProgressiveGameEngine/ProgressiveGame/Saved/Config/Windows/Engine.ini]
[2023.02.10-10.54.55:772][  0]LogConfig: Applying CVar settings from Section [ViewDistanceQuality@3] File [H:/Documents/GitHub/ProgressiveGameEngine/ProgressiveGame/Saved/Config/Windows/Scalability.ini]
[2023.02.10-10.54.55:772][  0]LogConfig: Setting CVar [[r.SkeletalMeshLODBias:0]]
[2023.02.10-10.54.55:772][  0]LogConfig: Setting CVar [[r.ViewDistanceScale:1.0]]
[2023.02.10-10.54.55:772][  0]LogConfig: Applying CVar settings from Section [AntiAliasingQuality@3] File [H:/Documents/GitHub/ProgressiveGameEngine/ProgressiveGame/Saved/Config/Windows/Scalability.ini]
[2023.02.10-10.54.55:772][  0]LogConfig: Setting CVar [[r.PostProcessAAQuality:4]]
[2023.02.10-10.54.55:772][  0]LogConfig: Applying CVar settings from Section [ShadowQuality@3] File [H:/Documents/GitHub/ProgressiveGameEngine/ProgressiveGame/Saved/Config/Windows/Scalability.ini]
[2023.02.10-10.54.55:772][  0]LogConfig: Setting CVar [[r.LightFunctionQuality:1]]
[2023.02.10-10.54.55:772][  0]LogConfig: Setting CVar [[r.ShadowQuality:5]]
[2023.02.10-10.54.55:772][  0]LogConfig: Setting CVar [[r.Shadow.CSM.MaxCascades:10]]
[2023.02.10-10.54.55:772][  0]LogConfig: Setting CVar [[r.Shadow.MaxResolution:2048]]
[2023.02.10-10.54.55:772][  0]LogConfig: Setting CVar [[r.Shadow.MaxCSMResolution:2048]]
[2023.02.10-10.54.55:772][  0]LogConfig: Setting CVar [[r.Shadow.RadiusThreshold:0.01]]
[2023.02.10-10.54.55:772][  0]LogConfig: Setting CVar [[r.Shadow.DistanceScale:1.0]]
[2023.02.10-10.54.55:772][  0]LogConfig: Setting CVar [[r.Shadow.CSM.TransitionScale:1.0]]
[2023.02.10-10.54.55:772][  0]LogConfig: Setting CVar [[r.Shadow.PreShadowResolutionFactor:1.0]]
[2023.02.10-10.54.55:772][  0]LogConfig: Setting CVar [[r.DistanceFieldShadowing:1]]
[2023.02.10-10.54.55:772][  0]LogConfig: Setting CVar [[r.DistanceFieldAO:1]]
[2023.02.10-10.54.55:773][  0]LogConfig: Setting CVar [[r.AOQuality:2]]
[2023.02.10-10.54.55:773][  0]LogConfig: Setting CVar [[r.VolumetricFog:1]]
[2023.02.10-10.54.55:773][  0]LogConfig: Setting CVar [[r.VolumetricFog.GridPixelSize:8]]
[2023.02.10-10.54.55:773][  0]LogConfig: Setting CVar [[r.VolumetricFog.GridSizeZ:128]]
[2023.02.10-10.54.55:773][  0]LogConfig: Setting CVar [[r.VolumetricFog.HistoryMissSupersampleCount:4]]
[2023.02.10-10.54.55:773][  0]LogConfig: Setting CVar [[r.LightMaxDrawDistanceScale:1]]
[2023.02.10-10.54.55:773][  0]LogConfig: Setting CVar [[r.CapsuleShadows:1]]
[2023.02.10-10.54.55:773][  0]LogConfig: Applying CVar settings from Section [PostProcessQuality@3] File [H:/Documents/GitHub/ProgressiveGameEngine/ProgressiveGame/Saved/Config/Windows/Scalability.ini]
[2023.02.10-10.54.55:773][  0]LogConfig: Setting CVar [[r.MotionBlurQuality:4]]
[2023.02.10-10.54.55:773][  0]LogConfig: Setting CVar [[r.AmbientOcclusionMipLevelFactor:0.4]]
[2023.02.10-10.54.55:773][  0]LogConfig: Setting CVar [[r.AmbientOcclusionMaxQuality:100]]
[2023.02.10-10.54.55:773][  0]LogConfig: Setting CVar [[r.AmbientOcclusionLevels:-1]]
[2023.02.10-10.54.55:773][  0]LogConfig: Setting CVar [[r.AmbientOcclusionRadiusScale:1.0]]
[2023.02.10-10.54.55:773][  0]LogConfig: Setting CVar [[r.DepthOfFieldQuality:2]]
[2023.02.10-10.54.55:773][  0]LogConfig: Setting CVar [[r.RenderTargetPoolMin:400]]
[2023.02.10-10.54.55:773][  0]LogConfig: Setting CVar [[r.LensFlareQuality:2]]
[2023.02.10-10.54.55:773][  0]LogConfig: Setting CVar [[r.SceneColorFringeQuality:1]]
[2023.02.10-10.54.55:773][  0]LogConfig: Setting CVar [[r.EyeAdaptationQuality:2]]
[2023.02.10-10.54.55:773][  0]LogConfig: Setting CVar [[r.BloomQuality:5]]
[2023.02.10-10.54.55:773][  0]LogConfig: Setting CVar [[r.FastBlurThreshold:100]]
[2023.02.10-10.54.55:773][  0]LogConfig: Setting CVar [[r.Upscale.Quality:3]]
[2023.02.10-10.54.55:773][  0]LogConfig: Setting CVar [[r.Tonemapper.GrainQuantization:1]]
[2023.02.10-10.54.55:773][  0]LogConfig: Setting CVar [[r.LightShaftQuality:1]]
[2023.02.10-10.54.55:773][  0]LogConfig: Setting CVar [[r.Filter.SizeScale:1]]
[2023.02.10-10.54.55:773][  0]LogConfig: Setting CVar [[r.Tonemapper.Quality:5]]
[2023.02.10-10.54.55:773][  0]LogConfig: Setting CVar [[r.DOF.Gather.AccumulatorQuality:1        ; higher gathering accumulator quality]]
[2023.02.10-10.54.55:773][  0]LogConfig: Setting CVar [[r.DOF.Gather.PostfilterMethod:1          ; Median3x3 postfilering method]]
[2023.02.10-10.54.55:773][  0]LogConfig: Setting CVar [[r.DOF.Gather.EnableBokehSettings:0       ; no bokeh simulation when gathering]]
[2023.02.10-10.54.55:773][  0]LogConfig: Setting CVar [[r.DOF.Gather.RingCount:4                 ; medium number of samples when gathering]]
[2023.02.10-10.54.55:773][  0]LogConfig: Setting CVar [[r.DOF.Scatter.ForegroundCompositing:1    ; additive foreground scattering]]
[2023.02.10-10.54.55:773][  0]LogConfig: Setting CVar [[r.DOF.Scatter.BackgroundCompositing:2    ; additive background scattering]]
[2023.02.10-10.54.55:773][  0]LogConfig: Setting CVar [[r.DOF.Scatter.EnableBokehSettings:1      ; bokeh simulation when scattering]]
[2023.02.10-10.54.55:773][  0]LogConfig: Setting CVar [[r.DOF.Scatter.MaxSpriteRatio:0.1         ; only a maximum of 10% of scattered bokeh]]
[2023.02.10-10.54.55:773][  0]LogConfig: Setting CVar [[r.DOF.Recombine.Quality:1                ; cheap slight out of focus]]
[2023.02.10-10.54.55:773][  0]LogConfig: Setting CVar [[r.DOF.Recombine.EnableBokehSettings:0    ; no bokeh simulation on slight out of focus]]
[2023.02.10-10.54.55:773][  0]LogConfig: Setting CVar [[r.DOF.TemporalAAQuality:1                ; more stable temporal accumulation]]
[2023.02.10-10.54.55:773][  0]LogConfig: Setting CVar [[r.DOF.Kernel.MaxForegroundRadius:0.025]]
[2023.02.10-10.54.55:773][  0]LogConfig: Setting CVar [[r.DOF.Kernel.MaxBackgroundRadius:0.025]]
[2023.02.10-10.54.55:773][  0]LogConfig: Applying CVar settings from Section [TextureQuality@3] File [H:/Documents/GitHub/ProgressiveGameEngine/ProgressiveGame/Saved/Config/Windows/Scalability.ini]
[2023.02.10-10.54.55:773][  0]LogConfig: Setting CVar [[r.Streaming.MipBias:0]]
[2023.02.10-10.54.55:773][  0]LogConfig: Setting CVar [[r.Streaming.AmortizeCPUToGPUCopy:0]]
[2023.02.10-10.54.55:773][  0]LogConfig: Setting CVar [[r.Streaming.MaxNumTexturesToStreamPerFrame:0]]
[2023.02.10-10.54.55:773][  0]LogConfig: Setting CVar [[r.Streaming.Boost:1]]
[2023.02.10-10.54.55:773][  0]LogConfig: Setting CVar [[r.MaxAnisotropy:8]]
[2023.02.10-10.54.55:773][  0]LogConfig: Setting CVar [[r.VT.MaxAnisotropy:8]]
[2023.02.10-10.54.55:773][  0]LogConfig: Setting CVar [[r.Streaming.LimitPoolSizeToVRAM:0]]
[2023.02.10-10.54.55:773][  0]LogConfig: Setting CVar [[r.Streaming.PoolSize:1000]]
[2023.02.10-10.54.55:773][  0]LogConfig: Setting CVar [[r.Streaming.MaxEffectiveScreenSize:0]]
[2023.02.10-10.54.55:773][  0]LogConfig: Applying CVar settings from Section [EffectsQuality@3] File [H:/Documents/GitHub/ProgressiveGameEngine/ProgressiveGame/Saved/Config/Windows/Scalability.ini]
[2023.02.10-10.54.55:773][  0]LogConfig: Setting CVar [[r.TranslucencyLightingVolumeDim:64]]
[2023.02.10-10.54.55:773][  0]LogConfig: Setting CVar [[r.RefractionQuality:2]]
[2023.02.10-10.54.55:773][  0]LogConfig: Setting CVar [[r.SSR.Quality:3]]
[2023.02.10-10.54.55:773][  0]LogConfig: Setting CVar [[r.SSR.HalfResSceneColor:0]]
[2023.02.10-10.54.55:773][  0]LogConfig: Setting CVar [[r.SceneColorFormat:4]]
[2023.02.10-10.54.55:773][  0]LogConfig: Setting CVar [[r.DetailMode:2]]
[2023.02.10-10.54.55:773][  0]LogConfig: Setting CVar [[r.TranslucencyVolumeBlur:1]]
[2023.02.10-10.54.55:773][  0]LogConfig: Setting CVar [[r.MaterialQualityLevel:1 ; High quality]]
[2023.02.10-10.54.55:773][  0]LogConfig: Setting CVar [[r.AnisotropicMaterials:1]]
[2023.02.10-10.54.55:773][  0]LogConfig: Setting CVar [[r.SSS.Scale:1]]
[2023.02.10-10.54.55:773][  0]LogConfig: Setting CVar [[r.SSS.SampleSet:2]]
[2023.02.10-10.54.55:773][  0]LogConfig: Setting CVar [[r.SSS.Quality:1]]
[2023.02.10-10.54.55:773][  0]LogConfig: Setting CVar [[r.SSS.HalfRes:0]]
[2023.02.10-10.54.55:773][  0]LogConfig: Setting CVar [[r.SSGI.Quality:3]]
[2023.02.10-10.54.55:773][  0]LogConfig: Setting CVar [[r.EmitterSpawnRateScale:1.0]]
[2023.02.10-10.54.55:773][  0]LogConfig: Setting CVar [[r.ParticleLightQuality:2]]
[2023.02.10-10.54.55:773][  0]LogConfig: Setting CVar [[r.SkyAtmosphere.AerialPerspectiveLUT.FastApplyOnOpaque:1 ; Always have FastSkyLUT 1 in this case to avoid wrong sky]]
[2023.02.10-10.54.55:773][  0]LogConfig: Setting CVar [[r.SkyAtmosphere.AerialPerspectiveLUT.SampleCountMaxPerSlice:4]]
[2023.02.10-10.54.55:773][  0]LogConfig: Setting CVar [[r.SkyAtmosphere.AerialPerspectiveLUT.DepthResolution:16.0]]
[2023.02.10-10.54.55:773][  0]LogConfig: Setting CVar [[r.SkyAtmosphere.FastSkyLUT:1]]
[2023.02.10-10.54.55:773][  0]LogConfig: Setting CVar [[r.SkyAtmosphere.FastSkyLUT.SampleCountMin:4.0]]
[2023.02.10-10.54.55:773][  0]LogConfig: Setting CVar [[r.SkyAtmosphere.FastSkyLUT.SampleCountMax:128.0]]
[2023.02.10-10.54.55:773][  0]LogConfig: Setting CVar [[r.SkyAtmosphere.SampleCountMin:4.0]]
[2023.02.10-10.54.55:773][  0]LogConfig: Setting CVar [[r.SkyAtmosphere.SampleCountMax:128.0]]
[2023.02.10-10.54.55:773][  0]LogConfig: Setting CVar [[r.SkyAtmosphere.TransmittanceLUT.UseSmallFormat:0]]
[2023.02.10-10.54.55:773][  0]LogConfig: Setting CVar [[r.SkyAtmosphere.TransmittanceLUT.SampleCount:10.0]]
[2023.02.10-10.54.55:773][  0]LogConfig: Setting CVar [[r.SkyAtmosphere.MultiScatteringLUT.SampleCount:15.0]]
[2023.02.10-10.54.55:773][  0]LogConfig: Setting CVar [[r.SkyLight.RealTimeReflectionCapture:1]]
[2023.02.10-10.54.55:773][  0]LogConfig: Applying CVar settings from Section [FoliageQuality@3] File [H:/Documents/GitHub/ProgressiveGameEngine/ProgressiveGame/Saved/Config/Windows/Scalability.ini]
[2023.02.10-10.54.55:773][  0]LogConfig: Setting CVar [[foliage.DensityScale:1.0]]
[2023.02.10-10.54.55:773][  0]LogConfig: Setting CVar [[grass.DensityScale:1.0]]
[2023.02.10-10.54.55:773][  0]LogConfig: Applying CVar settings from Section [ShadingQuality@3] File [H:/Documents/GitHub/ProgressiveGameEngine/ProgressiveGame/Saved/Config/Windows/Scalability.ini]
[2023.02.10-10.54.55:773][  0]LogConfig: Setting CVar [[r.HairStrands.SkyLighting.IntegrationType:2]]
[2023.02.10-10.54.55:773][  0]LogConfig: Setting CVar [[r.HairStrands.SkyAO.SampleCount:4]]
[2023.02.10-10.54.55:773][  0]LogConfig: Setting CVar [[r.HairStrands.Visibility.MSAA.SamplePerPixel:4]]
[2023.02.10-10.54.55:773][  0]LogInit: Selected Device Profile: [Windows]
[2023.02.10-10.54.55:773][  0]LogInit: Applying CVar settings loaded from the selected device profile: [Windows]
[2023.02.10-10.54.55:773][  0]LogHAL: Display: Platform has ~ 16 GB [16475455488 / 17179869184 / 16], which maps to Larger [LargestMinGB=32, LargerMinGB=12, DefaultMinGB=8, SmallerMinGB=6, SmallestMinGB=0)
[2023.02.10-10.54.55:773][  0]LogInit: Going up to parent DeviceProfile []
[2023.02.10-10.54.55:773][  0]LogConfig: Applying CVar settings from Section [ViewDistanceQuality@3] File [H:/Documents/GitHub/ProgressiveGameEngine/ProgressiveGame/Saved/Config/Windows/Scalability.ini]
[2023.02.10-10.54.55:773][  0]LogConfig: Setting CVar [[r.SkeletalMeshLODBias:0]]
[2023.02.10-10.54.55:773][  0]LogConfig: Setting CVar [[r.ViewDistanceScale:1.0]]
[2023.02.10-10.54.55:773][  0]LogConfig: Applying CVar settings from Section [AntiAliasingQuality@3] File [H:/Documents/GitHub/ProgressiveGameEngine/ProgressiveGame/Saved/Config/Windows/Scalability.ini]
[2023.02.10-10.54.55:773][  0]LogConfig: Setting CVar [[r.PostProcessAAQuality:4]]
[2023.02.10-10.54.55:773][  0]LogConfig: Applying CVar settings from Section [ShadowQuality@3] File [H:/Documents/GitHub/ProgressiveGameEngine/ProgressiveGame/Saved/Config/Windows/Scalability.ini]
[2023.02.10-10.54.55:773][  0]LogConfig: Setting CVar [[r.LightFunctionQuality:1]]
[2023.02.10-10.54.55:773][  0]LogConfig: Setting CVar [[r.ShadowQuality:5]]
[2023.02.10-10.54.55:773][  0]LogConfig: Setting CVar [[r.Shadow.CSM.MaxCascades:10]]
[2023.02.10-10.54.55:773][  0]LogConfig: Setting CVar [[r.Shadow.MaxResolution:2048]]
[2023.02.10-10.54.55:773][  0]LogConfig: Setting CVar [[r.Shadow.MaxCSMResolution:2048]]
[2023.02.10-10.54.55:774][  0]LogConfig: Setting CVar [[r.Shadow.RadiusThreshold:0.01]]
[2023.02.10-10.54.55:774][  0]LogConfig: Setting CVar [[r.Shadow.DistanceScale:1.0]]
[2023.02.10-10.54.55:774][  0]LogConfig: Setting CVar [[r.Shadow.CSM.TransitionScale:1.0]]
[2023.02.10-10.54.55:774][  0]LogConfig: Setting CVar [[r.Shadow.PreShadowResolutionFactor:1.0]]
[2023.02.10-10.54.55:774][  0]LogConfig: Setting CVar [[r.DistanceFieldShadowing:1]]
[2023.02.10-10.54.55:774][  0]LogConfig: Setting CVar [[r.DistanceFieldAO:1]]
[2023.02.10-10.54.55:774][  0]LogConfig: Setting CVar [[r.AOQuality:2]]
[2023.02.10-10.54.55:774][  0]LogConfig: Setting CVar [[r.VolumetricFog:1]]
[2023.02.10-10.54.55:774][  0]LogConfig: Setting CVar [[r.VolumetricFog.GridPixelSize:8]]
[2023.02.10-10.54.55:774][  0]LogConfig: Setting CVar [[r.VolumetricFog.GridSizeZ:128]]
[2023.02.10-10.54.55:774][  0]LogConfig: Setting CVar [[r.VolumetricFog.HistoryMissSupersampleCount:4]]
[2023.02.10-10.54.55:774][  0]LogConfig: Setting CVar [[r.LightMaxDrawDistanceScale:1]]
[2023.02.10-10.54.55:774][  0]LogConfig: Setting CVar [[r.CapsuleShadows:1]]
[2023.02.10-10.54.55:774][  0]LogConfig: Applying CVar settings from Section [PostProcessQuality@3] File [H:/Documents/GitHub/ProgressiveGameEngine/ProgressiveGame/Saved/Config/Windows/Scalability.ini]
[2023.02.10-10.54.55:774][  0]LogConfig: Setting CVar [[r.MotionBlurQuality:4]]
[2023.02.10-10.54.55:774][  0]LogConfig: Setting CVar [[r.AmbientOcclusionMipLevelFactor:0.4]]
[2023.02.10-10.54.55:774][  0]LogConfig: Setting CVar [[r.AmbientOcclusionMaxQuality:100]]
[2023.02.10-10.54.55:774][  0]LogConfig: Setting CVar [[r.AmbientOcclusionLevels:-1]]
[2023.02.10-10.54.55:774][  0]LogConfig: Setting CVar [[r.AmbientOcclusionRadiusScale:1.0]]
[2023.02.10-10.54.55:774][  0]LogConfig: Setting CVar [[r.DepthOfFieldQuality:2]]
[2023.02.10-10.54.55:774][  0]LogConfig: Setting CVar [[r.RenderTargetPoolMin:400]]
[2023.02.10-10.54.55:774][  0]LogConfig: Setting CVar [[r.LensFlareQuality:2]]
[2023.02.10-10.54.55:774][  0]LogConfig: Setting CVar [[r.SceneColorFringeQuality:1]]
[2023.02.10-10.54.55:774][  0]LogConfig: Setting CVar [[r.EyeAdaptationQuality:2]]
[2023.02.10-10.54.55:774][  0]LogConfig: Setting CVar [[r.BloomQuality:5]]
[2023.02.10-10.54.55:774][  0]LogConfig: Setting CVar [[r.FastBlurThreshold:100]]
[2023.02.10-10.54.55:774][  0]LogConfig: Setting CVar [[r.Upscale.Quality:3]]
[2023.02.10-10.54.55:774][  0]LogConfig: Setting CVar [[r.Tonemapper.GrainQuantization:1]]
[2023.02.10-10.54.55:774][  0]LogConfig: Setting CVar [[r.LightShaftQuality:1]]
[2023.02.10-10.54.55:774][  0]LogConfig: Setting CVar [[r.Filter.SizeScale:1]]
[2023.02.10-10.54.55:774][  0]LogConfig: Setting CVar [[r.Tonemapper.Quality:5]]
[2023.02.10-10.54.55:774][  0]LogConfig: Setting CVar [[r.DOF.Gather.AccumulatorQuality:1        ; higher gathering accumulator quality]]
[2023.02.10-10.54.55:774][  0]LogConfig: Setting CVar [[r.DOF.Gather.PostfilterMethod:1          ; Median3x3 postfilering method]]
[2023.02.10-10.54.55:774][  0]LogConfig: Setting CVar [[r.DOF.Gather.EnableBokehSettings:0       ; no bokeh simulation when gathering]]
[2023.02.10-10.54.55:774][  0]LogConfig: Setting CVar [[r.DOF.Gather.RingCount:4                 ; medium number of samples when gathering]]
[2023.02.10-10.54.55:774][  0]LogConfig: Setting CVar [[r.DOF.Scatter.ForegroundCompositing:1    ; additive foreground scattering]]
[2023.02.10-10.54.55:774][  0]LogConfig: Setting CVar [[r.DOF.Scatter.BackgroundCompositing:2    ; additive background scattering]]
[2023.02.10-10.54.55:774][  0]LogConfig: Setting CVar [[r.DOF.Scatter.EnableBokehSettings:1      ; bokeh simulation when scattering]]
[2023.02.10-10.54.55:774][  0]LogConfig: Setting CVar [[r.DOF.Scatter.MaxSpriteRatio:0.1         ; only a maximum of 10% of scattered bokeh]]
[2023.02.10-10.54.55:774][  0]LogConfig: Setting CVar [[r.DOF.Recombine.Quality:1                ; cheap slight out of focus]]
[2023.02.10-10.54.55:774][  0]LogConfig: Setting CVar [[r.DOF.Recombine.EnableBokehSettings:0    ; no bokeh simulation on slight out of focus]]
[2023.02.10-10.54.55:774][  0]LogConfig: Setting CVar [[r.DOF.TemporalAAQuality:1                ; more stable temporal accumulation]]
[2023.02.10-10.54.55:774][  0]LogConfig: Setting CVar [[r.DOF.Kernel.MaxForegroundRadius:0.025]]
[2023.02.10-10.54.55:774][  0]LogConfig: Setting CVar [[r.DOF.Kernel.MaxBackgroundRadius:0.025]]
[2023.02.10-10.54.55:774][  0]LogConfig: Applying CVar settings from Section [TextureQuality@3] File [H:/Documents/GitHub/ProgressiveGameEngine/ProgressiveGame/Saved/Config/Windows/Scalability.ini]
[2023.02.10-10.54.55:774][  0]LogConfig: Setting CVar [[r.Streaming.MipBias:0]]
[2023.02.10-10.54.55:774][  0]LogConfig: Setting CVar [[r.Streaming.AmortizeCPUToGPUCopy:0]]
[2023.02.10-10.54.55:774][  0]LogConfig: Setting CVar [[r.Streaming.MaxNumTexturesToStreamPerFrame:0]]
[2023.02.10-10.54.55:774][  0]LogConfig: Setting CVar [[r.Streaming.Boost:1]]
[2023.02.10-10.54.55:774][  0]LogConfig: Setting CVar [[r.MaxAnisotropy:8]]
[2023.02.10-10.54.55:774][  0]LogConfig: Setting CVar [[r.VT.MaxAnisotropy:8]]
[2023.02.10-10.54.55:774][  0]LogConfig: Setting CVar [[r.Streaming.LimitPoolSizeToVRAM:0]]
[2023.02.10-10.54.55:774][  0]LogConfig: Setting CVar [[r.Streaming.PoolSize:1000]]
[2023.02.10-10.54.55:774][  0]LogConfig: Setting CVar [[r.Streaming.MaxEffectiveScreenSize:0]]
[2023.02.10-10.54.55:774][  0]LogConfig: Applying CVar settings from Section [EffectsQuality@3] File [H:/Documents/GitHub/ProgressiveGameEngine/ProgressiveGame/Saved/Config/Windows/Scalability.ini]
[2023.02.10-10.54.55:774][  0]LogConfig: Setting CVar [[r.TranslucencyLightingVolumeDim:64]]
[2023.02.10-10.54.55:774][  0]LogConfig: Setting CVar [[r.RefractionQuality:2]]
[2023.02.10-10.54.55:774][  0]LogConfig: Setting CVar [[r.SSR.Quality:3]]
[2023.02.10-10.54.55:774][  0]LogConfig: Setting CVar [[r.SSR.HalfResSceneColor:0]]
[2023.02.10-10.54.55:774][  0]LogConfig: Setting CVar [[r.SceneColorFormat:4]]
[2023.02.10-10.54.55:774][  0]LogConfig: Setting CVar [[r.DetailMode:2]]
[2023.02.10-10.54.55:774][  0]LogConfig: Setting CVar [[r.TranslucencyVolumeBlur:1]]
[2023.02.10-10.54.55:774][  0]LogConfig: Setting CVar [[r.MaterialQualityLevel:1 ; High quality]]
[2023.02.10-10.54.55:774][  0]LogConfig: Setting CVar [[r.AnisotropicMaterials:1]]
[2023.02.10-10.54.55:774][  0]LogConfig: Setting CVar [[r.SSS.Scale:1]]
[2023.02.10-10.54.55:774][  0]LogConfig: Setting CVar [[r.SSS.SampleSet:2]]
[2023.02.10-10.54.55:774][  0]LogConfig: Setting CVar [[r.SSS.Quality:1]]
[2023.02.10-10.54.55:774][  0]LogConfig: Setting CVar [[r.SSS.HalfRes:0]]
[2023.02.10-10.54.55:774][  0]LogConfig: Setting CVar [[r.SSGI.Quality:3]]
[2023.02.10-10.54.55:774][  0]LogConfig: Setting CVar [[r.EmitterSpawnRateScale:1.0]]
[2023.02.10-10.54.55:774][  0]LogConfig: Setting CVar [[r.ParticleLightQuality:2]]
[2023.02.10-10.54.55:774][  0]LogConfig: Setting CVar [[r.SkyAtmosphere.AerialPerspectiveLUT.FastApplyOnOpaque:1 ; Always have FastSkyLUT 1 in this case to avoid wrong sky]]
[2023.02.10-10.54.55:774][  0]LogConfig: Setting CVar [[r.SkyAtmosphere.AerialPerspectiveLUT.SampleCountMaxPerSlice:4]]
[2023.02.10-10.54.55:774][  0]LogConfig: Setting CVar [[r.SkyAtmosphere.AerialPerspectiveLUT.DepthResolution:16.0]]
[2023.02.10-10.54.55:774][  0]LogConfig: Setting CVar [[r.SkyAtmosphere.FastSkyLUT:1]]
[2023.02.10-10.54.55:774][  0]LogConfig: Setting CVar [[r.SkyAtmosphere.FastSkyLUT.SampleCountMin:4.0]]
[2023.02.10-10.54.55:774][  0]LogConfig: Setting CVar [[r.SkyAtmosphere.FastSkyLUT.SampleCountMax:128.0]]
[2023.02.10-10.54.55:774][  0]LogConfig: Setting CVar [[r.SkyAtmosphere.SampleCountMin:4.0]]
[2023.02.10-10.54.55:774][  0]LogConfig: Setting CVar [[r.SkyAtmosphere.SampleCountMax:128.0]]
[2023.02.10-10.54.55:774][  0]LogConfig: Setting CVar [[r.SkyAtmosphere.TransmittanceLUT.UseSmallFormat:0]]
[2023.02.10-10.54.55:774][  0]LogConfig: Setting CVar [[r.SkyAtmosphere.TransmittanceLUT.SampleCount:10.0]]
[2023.02.10-10.54.55:774][  0]LogConfig: Setting CVar [[r.SkyAtmosphere.MultiScatteringLUT.SampleCount:15.0]]
[2023.02.10-10.54.55:774][  0]LogConfig: Setting CVar [[r.SkyLight.RealTimeReflectionCapture:1]]
[2023.02.10-10.54.55:774][  0]LogConfig: Applying CVar settings from Section [FoliageQuality@3] File [H:/Documents/GitHub/ProgressiveGameEngine/ProgressiveGame/Saved/Config/Windows/Scalability.ini]
[2023.02.10-10.54.55:774][  0]LogConfig: Setting CVar [[foliage.DensityScale:1.0]]
[2023.02.10-10.54.55:774][  0]LogConfig: Setting CVar [[grass.DensityScale:1.0]]
[2023.02.10-10.54.55:774][  0]LogConfig: Applying CVar settings from Section [ShadingQuality@3] File [H:/Documents/GitHub/ProgressiveGameEngine/ProgressiveGame/Saved/Config/Windows/Scalability.ini]
[2023.02.10-10.54.55:774][  0]LogConfig: Setting CVar [[r.HairStrands.SkyLighting.IntegrationType:2]]
[2023.02.10-10.54.55:774][  0]LogConfig: Setting CVar [[r.HairStrands.SkyAO.SampleCount:4]]
[2023.02.10-10.54.55:774][  0]LogConfig: Setting CVar [[r.HairStrands.Visibility.MSAA.SamplePerPixel:4]]
[2023.02.10-10.54.55:774][  0]LogConfig: Applying CVar settings from Section [Startup] File [../../../Engine/Config/ConsoleVariables.ini]
[2023.02.10-10.54.55:778][  0]LogConfig: Setting CVar [[net.UseAdaptiveNetUpdateFrequency:0]]
[2023.02.10-10.54.55:778][  0]LogConfig: Setting CVar [[p.chaos.AllowCreatePhysxBodies:1]]
[2023.02.10-10.54.55:778][  0]LogConfig: Setting CVar [[fx.SkipVectorVMBackendOptimizations:1]]
[2023.02.10-10.54.55:778][  0]LogConfig: Applying CVar settings from Section [ConsoleVariables] File [H:/Documents/GitHub/ProgressiveGameEngine/ProgressiveGame/Saved/Config/Windows/Engine.ini]
[2023.02.10-10.54.55:778][  0]LogConfig: Applying CVar settings from Section [ConsoleVariables] File [H:/Documents/GitHub/ProgressiveGameEngine/ProgressiveGame/Saved/Config/Windows/Editor.ini]
[2023.02.10-10.54.55:778][  0]LogInit: Computer: GWHXX632WIN017W
[2023.02.10-10.54.55:778][  0]LogInit: User: p2662529
[2023.02.10-10.54.55:778][  0]LogInit: CPU Page size=4096, Cores=8
[2023.02.10-10.54.55:778][  0]LogInit: High frequency timer resolution =10.000000 MHz
[2023.02.10-10.54.55:778][  0]LogMemory: Memory total: Physical=15.3GB (16GB approx)
[2023.02.10-10.54.55:778][  0]LogMemory: Platform Memory Stats for Windows
[2023.02.10-10.54.55:778][  0]LogMemory: Process Physical Memory: 153.95 MB used, 153.96 MB peak
[2023.02.10-10.54.55:778][  0]LogMemory: Process Virtual Memory: 126.02 MB used, 126.02 MB peak
[2023.02.10-10.54.55:778][  0]LogMemory: Physical Memory: 7037.33 MB used,  8674.89 MB free, 15712.22 MB total
[2023.02.10-10.54.55:778][  0]LogMemory: Virtual Memory: 134210008.00 MB used,  7720.03 MB free, 134217728.00 MB total
[2023.02.10-10.54.55:783][  0]LogWindows: WindowsPlatformFeatures enabled
[2023.02.10-10.54.55:835][  0]LogInit: Physics initialised using underlying interface: PhysX
[2023.02.10-10.54.55:842][  0]LogInit: Using OS detected language (en-US).
[2023.02.10-10.54.55:842][  0]LogInit: Using OS detected locale (en-GB).
[2023.02.10-10.54.55:845][  0]LogTextLocalizationManager: No specific localization for 'en-US' exists, so the 'en' localization will be used.
[2023.02.10-10.54.56:010][  0]LogInit: Setting process to per monitor DPI aware
[2023.02.10-10.54.56:032][  0]LogWindowsTextInputMethodSystem: Display: IME system deactivated.
[2023.02.10-10.54.56:056][  0]LogSlate: New Slate User Created.  User Index 0, Is Virtual User: 0
[2023.02.10-10.54.56:056][  0]LogSlate: Slate User Registered.  User Index 0, Is Virtual User: 0
[2023.02.10-10.54.56:895][  0]LogD3D11RHI: Loaded GFSDK_Aftermath_Lib.x64.dll
[2023.02.10-10.54.56:898][  0]LogHMD: Failed to initialize OpenVR with code 110
[2023.02.10-10.54.56:898][  0]LogD3D11RHI: D3D11 min allowed feature level: 11_0
[2023.02.10-10.54.56:898][  0]LogD3D11RHI: D3D11 max allowed feature level: 11_0
[2023.02.10-10.54.56:898][  0]LogD3D11RHI: D3D11 adapters:
[2023.02.10-10.54.57:067][  0]LogD3D11RHI:    0. 'NVIDIA GeForce RTX 2060 SUPER' (Feature Level 11_0)
[2023.02.10-10.54.57:067][  0]LogD3D11RHI:       8031/0/7856 MB DedicatedVideo/DedicatedSystem/SharedSystem, Outputs:2, VendorId:0x10de
[2023.02.10-10.54.57:112][  0]LogD3D11RHI:    1. 'Intel(R) UHD Graphics 630' (Feature Level 11_0)
[2023.02.10-10.54.57:112][  0]LogD3D11RHI:       128/0/7856 MB DedicatedVideo/DedicatedSystem/SharedSystem, Outputs:0, VendorId:0x8086
[2023.02.10-10.54.57:115][  0]LogD3D11RHI:    2. 'Microsoft Basic Render Driver' (Feature Level 11_0)
[2023.02.10-10.54.57:115][  0]LogD3D11RHI:       0/0/7856 MB DedicatedVideo/DedicatedSystem/SharedSystem, Outputs:0, VendorId:0x1414
[2023.02.10-10.54.57:115][  0]LogD3D11RHI: Chosen D3D11 Adapter:
[2023.02.10-10.54.57:115][  0]LogD3D11RHI:     Description : NVIDIA GeForce RTX 2060 SUPER
[2023.02.10-10.54.57:115][  0]LogD3D11RHI:     VendorId    : 10de
[2023.02.10-10.54.57:115][  0]LogD3D11RHI:     DeviceId    : 1f06
[2023.02.10-10.54.57:115][  0]LogD3D11RHI:     SubSysId    : 6905103c
[2023.02.10-10.54.57:115][  0]LogD3D11RHI:     Revision    : 00a1
[2023.02.10-10.54.57:115][  0]LogD3D11RHI:     DedicatedVideoMemory : 8421113856 bytes
[2023.02.10-10.54.57:115][  0]LogD3D11RHI:     DedicatedSystemMemory : 0 bytes
[2023.02.10-10.54.57:115][  0]LogD3D11RHI:     SharedSystemMemory : 8237727744 bytes
[2023.02.10-10.54.57:115][  0]LogD3D11RHI:     AdapterLuid : 0 69533
[2023.02.10-10.54.57:121][  0]LogD3D11RHI: Creating new Direct3DDevice
[2023.02.10-10.54.57:122][  0]LogD3D11RHI:     GPU DeviceId: 0x1f06 (for the marketing name, search the web for "GPU Device Id")
[2023.02.10-10.54.57:122][  0]LogWindows: EnumDisplayDevices:
[2023.02.10-10.54.57:122][  0]LogWindows:    0. 'NVIDIA GeForce RTX 2060 SUPER' (P:1 D:1)
[2023.02.10-10.54.57:122][  0]LogWindows:    1. 'NVIDIA GeForce RTX 2060 SUPER' (P:0 D:1)
[2023.02.10-10.54.57:122][  0]LogWindows:    2. 'NVIDIA GeForce RTX 2060 SUPER' (P:0 D:0)
[2023.02.10-10.54.57:122][  0]LogWindows:    3. 'NVIDIA GeForce RTX 2060 SUPER' (P:0 D:0)
[2023.02.10-10.54.57:122][  0]LogWindows:    4. 'Intel(R) UHD Graphics 630' (P:0 D:0)
[2023.02.10-10.54.57:122][  0]LogWindows:    5. 'Intel(R) UHD Graphics 630' (P:0 D:0)
[2023.02.10-10.54.57:123][  0]LogWindows:    6. 'Intel(R) UHD Graphics 630' (P:0 D:0)
[2023.02.10-10.54.57:123][  0]LogWindows: DebugString: PrimaryIsNotTheChoosenAdapter PrimaryIsNotTheChoosenAdapter PrimaryIsNotTheChoosenAdapter FoundDriverCount:4 
[2023.02.10-10.54.57:123][  0]LogD3D11RHI:     Adapter Name: NVIDIA GeForce RTX 2060 SUPER
[2023.02.10-10.54.57:123][  0]LogD3D11RHI:   Driver Version: 512.15 (internal:30.0.15.1215, unified:512.15)
[2023.02.10-10.54.57:123][  0]LogD3D11RHI:      Driver Date: 3-17-2022
[2023.02.10-10.54.57:123][  0]LogRHI: Texture pool is 5621 MB (70% of 8031 MB)
[2023.02.10-10.54.57:123][  0]LogD3D11RHI: Creating D3DDevice using adapter:
[2023.02.10-10.54.57:123][  0]LogD3D11RHI:     Description : NVIDIA GeForce RTX 2060 SUPER
[2023.02.10-10.54.57:123][  0]LogD3D11RHI:     VendorId    : 10de
[2023.02.10-10.54.57:123][  0]LogD3D11RHI:     DeviceId    : 1f06
[2023.02.10-10.54.57:123][  0]LogD3D11RHI:     SubSysId    : 6905103c
[2023.02.10-10.54.57:123][  0]LogD3D11RHI:     Revision    : 00a1
[2023.02.10-10.54.57:123][  0]LogD3D11RHI:     DedicatedVideoMemory : 8421113856 bytes
[2023.02.10-10.54.57:123][  0]LogD3D11RHI:     DedicatedSystemMemory : 0 bytes
[2023.02.10-10.54.57:123][  0]LogD3D11RHI:     SharedSystemMemory : 8237727744 bytes
[2023.02.10-10.54.57:123][  0]LogD3D11RHI:     AdapterLuid : 0 69533
[2023.02.10-10.54.57:186][  0]LogD3D11RHI: RHI has support for 64 bit atomics
[2023.02.10-10.54.57:186][  0]LogD3D11RHI: Async texture creation enabled
[2023.02.10-10.54.57:186][  0]LogD3D11RHI: Array index from any shader is supported
[2023.02.10-10.54.57:199][  0]LogD3D11RHI: GPU Timing Frequency: 1000.000000 (Debug: 2 1)
[2023.02.10-10.54.57:256][  0]LogRHI: GeForceNow SDK initialized: 1
[2023.02.10-10.54.57:631][  0]LogTargetPlatformManager: Display: Loaded TargetPlatform 'AllDesktop'
[2023.02.10-10.54.57:707][  0]LogTargetPlatformManager: Display: Loaded TargetPlatform 'Android'
[2023.02.10-10.54.57:707][  0]LogTargetPlatformManager: Display: Loaded TargetPlatform 'Android_ASTC'
[2023.02.10-10.54.57:707][  0]LogTargetPlatformManager: Display: Loaded TargetPlatform 'Android_DXT'
[2023.02.10-10.54.57:707][  0]LogTargetPlatformManager: Display: Loaded TargetPlatform 'Android_ETC2'
[2023.02.10-10.54.57:707][  0]LogTargetPlatformManager: Display: Loaded TargetPlatform 'AndroidClient'
[2023.02.10-10.54.57:707][  0]LogTargetPlatformManager: Display: Loaded TargetPlatform 'Android_ASTCClient'
[2023.02.10-10.54.57:707][  0]LogTargetPlatformManager: Display: Loaded TargetPlatform 'Android_DXTClient'
[2023.02.10-10.54.57:707][  0]LogTargetPlatformManager: Display: Loaded TargetPlatform 'Android_ETC2Client'
[2023.02.10-10.54.57:707][  0]LogTargetPlatformManager: Display: Loaded TargetPlatform 'Android_Multi'
[2023.02.10-10.54.57:707][  0]LogTargetPlatformManager: Display: Loaded TargetPlatform 'Android_MultiClient'
[2023.02.10-10.54.57:760][  0]LogTargetPlatformManager: Display: Loaded TargetPlatform 'IOSClient'
[2023.02.10-10.54.57:760][  0]LogTargetPlatformManager: Display: Loaded TargetPlatform 'IOS'
[2023.02.10-10.54.57:792][  0]LogTargetPlatformManager: Display: Loaded TargetPlatform 'Linux'
[2023.02.10-10.54.57:796][  0]LogTargetPlatformManager: Display: Loaded TargetPlatform 'LinuxNoEditor'
[2023.02.10-10.54.57:800][  0]LogTargetPlatformManager: Display: Loaded TargetPlatform 'LinuxClient'
[2023.02.10-10.54.57:804][  0]LogTargetPlatformManager: Display: Loaded TargetPlatform 'LinuxServer'
[2023.02.10-10.54.57:823][  0]LogTargetPlatformManager: Display: Loaded TargetPlatform 'LinuxAArch64NoEditor'
[2023.02.10-10.54.57:828][  0]LogTargetPlatformManager: Display: Loaded TargetPlatform 'LinuxAArch64Client'
[2023.02.10-10.54.57:832][  0]LogTargetPlatformManager: Display: Loaded TargetPlatform 'LinuxAArch64Server'
[2023.02.10-10.54.57:866][  0]LogTargetPlatformManager: Display: Loaded TargetPlatform 'Lumin'
[2023.02.10-10.54.57:866][  0]LogTargetPlatformManager: Display: Loaded TargetPlatform 'LuminClient'
[2023.02.10-10.54.57:902][  0]LogTargetPlatformManager: Display: Loaded TargetPlatform 'MacNoEditor'
[2023.02.10-10.54.57:907][  0]LogTargetPlatformManager: Display: Loaded TargetPlatform 'Mac'
[2023.02.10-10.54.57:911][  0]LogTargetPlatformManager: Display: Loaded TargetPlatform 'MacClient'
[2023.02.10-10.54.57:915][  0]LogTargetPlatformManager: Display: Loaded TargetPlatform 'MacServer'
[2023.02.10-10.54.57:925][  0]LogTargetPlatformManager: Display: Loaded TargetPlatform 'TVOSClient'
[2023.02.10-10.54.57:925][  0]LogTargetPlatformManager: Display: Loaded TargetPlatform 'TVOS'
[2023.02.10-10.54.57:971][  0]LogTargetPlatformManager: Display: Loaded TargetPlatform 'WindowsNoEditor'
[2023.02.10-10.54.57:976][  0]LogTargetPlatformManager: Display: Loaded TargetPlatform 'Windows'
[2023.02.10-10.54.57:980][  0]LogTargetPlatformManager: Display: Loaded TargetPlatform 'WindowsClient'
[2023.02.10-10.54.57:984][  0]LogTargetPlatformManager: Display: Loaded TargetPlatform 'WindowsServer'
[2023.02.10-10.54.57:984][  0]LogTargetPlatformManager: Display: Building Assets For Windows
[2023.02.10-10.54.57:993][  0]LogAudioDebug: Display: Lib vorbis DLL was dynamically loaded.
[2023.02.10-10.54.58:034][  0]LogTextureFormatOodle: Display: Oodle Texture 2.9.0 init RDO Off
[2023.02.10-10.54.58:065][  0]LogRendererCore: Ray tracing is disabled. Reason: r.RayTracing=0.
[2023.02.10-10.54.58:065][  0]LogShaderCompilers: Guid format shader working directory is -8 characters bigger than the processId version (H:/Documents/GitHub/ProgressiveGameEngine/ProgressiveGame/Intermediate/Shaders/WorkingDirectory/7880/).
[2023.02.10-10.54.58:065][  0]LogShaderCompilers: Cleaned the shader compiler working directory 'C:/Users/p2662529/AppData/Local/Temp/UnrealShaderWorkingDir/FAFFD21943EE43ED8D6DC1B9262DDCE8/'.
[2023.02.10-10.54.58:066][  0]LogXGEController: Cannot use XGE Controller as Incredibuild is not installed on this machine.
[2023.02.10-10.54.58:066][  0]LogShaderCompilers: Cannot use XGE Shader Compiler as Incredibuild is not installed on this machine.
[2023.02.10-10.54.58:066][  0]LogShaderCompilers: Display: Using Local Shader Compiler.
[2023.02.10-10.54.59:763][  0]LogDerivedDataCache: Display: Max Cache Size: 512 MB
[2023.02.10-10.54.59:819][  0]LogDerivedDataCache: Loaded boot cache 0.06s 94MB C:/Users/p2662529/AppData/Local/UnrealEngine/4.27/DerivedDataCache/Boot.ddc.
[2023.02.10-10.54.59:819][  0]LogDerivedDataCache: Display: Loaded Boot cache: C:/Users/p2662529/AppData/Local/UnrealEngine/4.27/DerivedDataCache/Boot.ddc
[2023.02.10-10.54.59:820][  0]LogDerivedDataCache: FDerivedDataBackendGraph:  Pak pak cache file H:/Documents/GitHub/ProgressiveGameEngine/ProgressiveGame/DerivedDataCache/DDC.ddp not found, will not use a pak cache.
[2023.02.10-10.54.59:820][  0]LogDerivedDataCache: Unable to find inner node Pak for hierarchical cache Hierarchy.
[2023.02.10-10.54.59:821][  0]LogDerivedDataCache: FDerivedDataBackendGraph:  CompressedPak pak cache file H:/Documents/GitHub/ProgressiveGameEngine/ProgressiveGame/DerivedDataCache/Compressed.ddp not found, will not use a pak cache.
[2023.02.10-10.54.59:821][  0]LogDerivedDataCache: Unable to find inner node CompressedPak for hierarchical cache Hierarchy.
[2023.02.10-10.54.59:835][  0]LogDerivedDataCache: Display: Pak cache opened for reading ../../../Engine/DerivedDataCache/Compressed.ddp.
[2023.02.10-10.54.59:836][  0]LogDerivedDataCache: FDerivedDataBackendGraph:  EnterprisePak pak cache file ../../../Enterprise/DerivedDataCache/Compressed.ddp not found, will not use a pak cache.
[2023.02.10-10.54.59:836][  0]LogDerivedDataCache: Unable to find inner node EnterprisePak for hierarchical cache Hierarchy.
[2023.02.10-10.54.59:869][  0]LogDerivedDataCache: Speed tests for C:/Users/p2662529/AppData/Local/UnrealEngine/Common/DerivedDataCache took 0.03 seconds
[2023.02.10-10.54.59:869][  0]LogDerivedDataCache: Display: Performance to C:/Users/p2662529/AppData/Local/UnrealEngine/Common/DerivedDataCache: Latency=0.03ms. RandomReadSpeed=65.96MBs, RandomWriteSpeed=48.67MBs. Assigned SpeedClass 'Local'
[2023.02.10-10.54.59:870][  0]LogDerivedDataCache: Using Local data cache path C:/Users/p2662529/AppData/Local/UnrealEngine/Common/DerivedDataCache: Writable
[2023.02.10-10.54.59:870][  0]LogDerivedDataCache: Shared data cache path not found in *engine.ini, will not use an Shared cache.
[2023.02.10-10.54.59:870][  0]LogDerivedDataCache: Unable to find inner node Shared for hierarchical cache Hierarchy.
[2023.02.10-10.54.59:906][  0]LogSlate: Using FreeType 2.10.0
[2023.02.10-10.54.59:911][  0]LogSlate: SlateFontServices - WITH_FREETYPE: 1, WITH_HARFBUZZ: 1
[2023.02.10-10.54.59:947][  0]LogAssetRegistry: FAssetRegistry took 0.0026 seconds to start up
[2023.02.10-10.55.00:156][  0]LogInit: Selected Device Profile: [Windows]
[2023.02.10-10.55.00:156][  0]LogInit: Active device profile: [000001F97AC28900][000001F97B256940 49] Windows
[2023.02.10-10.55.00:156][  0]LogInit: Profiles: [000001F97AC28900][000001F97B256940 49] Windows, [000001F97ABEF800][000001F974074AC0 49] WindowsNoEditor, [000001F97AC2B500][000001F974078C40 49] WindowsServer, [000001F97ABECE00][000001F97407CDC0 49] WindowsClient, [000001F97AC2B800][000001F974080F40 49] IOS, [000001F97ABEE800][000001F9740850C0 49] iPadAir, [000001F97AC2A000][000001F974089240 49] iPadAir2, [000001F97AB9CA00][000001F973B1D500 49] IPadPro, [000001F97AB9CB00][000001F97408D540 49] iPadAir3, [000001F97ABED900][000001F973B216C0 49] iPadAir4, [000001F97AB9F400][000001F973B25840 49] iPadMini2, [000001F97ABEEA00][000001F973B299C0 49] iPadMini3, [000001F97AB9D700][000001F973B2DB40 49] iPadMini4, [000001F97AC29100][000001F973B30140 49] iPadMini5, [000001F97ABD8300][000001F973B38400 49] iPhone6, [000001F97ABD8400][000001F973B34440 49] iPodTouch6, [000001F97AB87F00][000001F973B40700 49] iPhone7, [000001F97AB87E00][000001F973B3C740 49] iPodTouch7, [000001F97ABEE500][000001F97B25A880 49] iPhone5S, [000001F97AB85A00][000001F973B449C0 49] iPhone6Plus, [000001F97ABD8200][000001F973B48B00 49] iPhone6S, [000001F97AB84600][000001F973B50C80 49] iPhone6SPlus, [000001F97ABDA900][000001F973B54E00 49] iPhone7Plus, [000001F97AB87100][000001F973B58F80 49] iPhoneSE, [000001F97ABDA200][000001F973B5D100 49] iPhone8, [000001F97AB87B00][000001F973B61280 49] iPhone8Plus, [000001F97ABD8800][000001F973B65400 49] iPhoneX, [000001F97AB85600][000001F973B69580 49] iPhoneXS, [000001F97ABDBC00][000001F973B6D700 49] iPhoneXSMax, [000001F97AB84700][000001F973B71880 49] iPhoneXR, [000001F97ABD9300][000001F973B75A00 49] iPhone11, [000001F97AB86700][000001F973B79B80 49] iPhone11Pro, [000001F97ABD9000][000001F973B7C180 49] iPhone11ProMax, [000001F97AB86A00][000001F973B80300 49] iPhoneSE2, [000001F97ABD9400][000001F973B84480 49] iPhone12Mini, [000001F97AB86400][000001F973B88600 49] iPhone12, [000001F97ABD8D00][000001F9732B2780 49] iPhone12Pro, [000001F97AB86B00][000001F9732B6900 49] iPhone12ProMax, [000001F97ABDB000][000001F973B4CA40 49] iPadPro105, [000001F97AB84200][000001F9732BAB80 49] iPadPro129, [000001F97ABDAB00][000001F9732BECC0 49] iPadPro97, [000001F97AB86600][000001F9732C6E40 49] iPadPro2_129, [000001F97ABDBB00][000001F9732CAFC0 49] iPad5, [000001F97AB86200][000001F9732CF140 49] iPad6, [000001F97ABD8F00][000001F9732D32C0 49] iPad7, [000001F97AB85D00][000001F9732D7440 49] iPad8, [000001F97ABD8900][000001F9732DB5C0 49] iPadPro11, [000001F97AB84F00][000001F9732DF740 49] iPadPro2_11, [000001F97ABDB200][000001F9732E38C0 49] iPadPro3_129, [000001F97AB87C00][000001F9732E7A40 49] iPadPro4_129, [000001F97ABD8C00][000001F9732EBBC0 49] AppleTV, [000001F97AB86100][000001F9732EE1C0 49] AppleTV4K, [000001F97ABDB100][000001F9732F2340 49] TVOS, [000001F97AB87400][000001F9732F64C0 49] Mac, [000001F97ABDB800][000001F9732FA640 49] MacClient, [000001F97AB85E00][000001F9732FE7C0 49] MacNoEditor, [000001F97ABDBF00][000001F973302940 49] MacServer, [000001F97AB86E00][000001F973306AC0 49] Linux, [000001F97ABD8B00][000001F9732C2C00 49] LinuxAArch64, [000001F97AB85F00][000001F97330AD40 49] LinuxNoEditor, [000001F97ABD9B00][000001F97330EE80 49] LinuxAArch64NoEditor, [000001F97AB87900][000001F973312FC0 49] LinuxClient, [000001F97ABDB500][000001F97331B140 49] LinuxAArch64Client, [000001F97AB86300][000001F97331F2C0 49] LinuxServer, [000001F97ABD8500][000001F973323440 49] LinuxAArch64Server, [000001F97AB84D00][000001F9733275C0 49] Android, [000001F97ABD9900][000001F97332B740 49] Android_Low, [000001F97AB87600][000001F97332F8C0 49] Android_Mid, [000001F97ABDAD00][000001F973333A40 49] Android_High, [000001F97AB87800][000001F973337BC0 49] Android_Default, [000001F97ABDA100][000001F973C901C0 49] Android_Adreno4xx, [000001F97AB84900][000001F973C94340 49] Android_Adreno5xx_Low, [000001F97AB9F600][000001F973C984C0 49] Android_Adreno5xx, [000001F97ABEC900][000001F973C9C640 49] Android_Adreno6xx, [000001F97AB9D800][000001F973CA07C0 49] Android_Adreno6xx_Vulkan, [000001F97ABECF00][000001F973CA4940 49] Android_Mali_T6xx, [000001F97AB9D200][000001F973CA8AC0 49] Android_Mali_T7xx, [000001F97ABEF900][000001F973CACC40 49] Android_Mali_T8xx, [000001F97AB9DE00][000001F973316D80 49] Android_Mali_G71, [000001F97ABEC500][000001F973CB0EC0 49] Android_Mali_G72, [000001F97AB9C600][000001F973CB5000 49] Android_Mali_G72_Vulkan, [000001F97ABED200][000001F973CB9140 49] Android_Mali_G76, [000001F97AB9C100][000001F973CC12C0 49] Android_Mali_G76_Vulkan, [000001F97ABEDF00][000001F973CC5440 49] Android_Mali_G77, [000001F97AB9CC00][000001F973CC95C0 49] Android_Mali_G77_Vulkan, [000001F97ABECA00][000001F973CCD740 49] Android_Mali_G78, [000001F97AB9EC00][000001F973CD18C0 49] Android_Mali_G78_Vulkan, [000001F97ABEF600][000001F973CD5A40 49] Android_Mali_G710, [000001F97AB9E400][000001F973CD9BC0 49] Android_Mali_G710_Vulkan, [000001F97ABEE700][000001F973CDC1C0 49] Android_Vulkan_SM5, [000001F97AB9FB00][000001F973CE0340 49] Android_PowerVR_G6xxx, [000001F97ABEF400][000001F973CE44C0 49] Android_PowerVR_GT7xxx, [000001F97AB9E300][000001F973CE8640 49] Android_PowerVR_GE8xxx, [000001F97ABEEE00][000001F973CEC7C0 49] Android_PowerVR_GM9xxx, [000001F97AB9FF00][000001F973CF0940 49] Android_PowerVR_GM9xxx_Vulkan, [000001F97ABED600][000001F973CF4AC0 49] Android_TegraK1, [000001F97AB9C400][000001F973CF8C40 49] Android_Unknown_Vulkan, [000001F97ABEED00][000001F973CFCDC0 49] Lumin, [000001F97AB9C500][000001F973D00F40 49] Lumin_Desktop, [000001F97ABECD00][000001F973CBD080 49] HoloLens, 
[2023.02.10-10.55.00:336][  0]LogMeshReduction: Using QuadricMeshReduction for automatic static mesh reduction
[2023.02.10-10.55.00:336][  0]LogMeshReduction: Using SimplygonMeshReduction for automatic skeletal mesh reduction
[2023.02.10-10.55.00:336][  0]LogMeshReduction: Using ProxyLODMeshReduction for automatic mesh merging
[2023.02.10-10.55.00:336][  0]LogMeshReduction: No distributed automatic mesh merging module available
[2023.02.10-10.55.00:336][  0]LogMeshMerging: No distributed automatic mesh merging module available
[2023.02.10-10.55.00:359][  0]LogNetVersion: ProgressiveGame 1.0.0, NetCL: 17155196, EngineNetVer: 17, GameNetVer: 0 (Checksum: 826061119)
[2023.02.10-10.55.01:029][  0]LogTexture: Default maximum texture size for cubemaps generated from long-lat sources has been changed from 512 to unlimited. In order to preserve old behaiour for '/Engine/MapTemplates/Sky/DaylightAmbientCubemap.DaylightAmbientCubemap', its maximum texture size has been explicitly set to 512.
[2023.02.10-10.55.01:092][  0]LogHMD: PokeAHoleMaterial loaded successfully
[2023.02.10-10.55.01:097][  0]LogUObjectArray: 17178 objects as part of root set at end of initial load.
[2023.02.10-10.55.01:097][  0]LogUObjectAllocator: 4302048 out of 0 bytes used by permanent object pool.
[2023.02.10-10.55.01:097][  0]LogUObjectArray: CloseDisregardForGC: 0/0 objects in disregard for GC pool
[2023.02.10-10.55.01:462][  0]LogNiagaraDebuggerClient: Niagara Debugger Client Initialized | Session: 777B1F724B7675B9D6695C86390E78A6 | Instance: 5F678C6D4254721D88A47FA6C4E729F8 (GWHXX632WIN017W-7880).
[2023.02.10-10.55.01:593][  0]LogPython: Using Python 3.7.7
[2023.02.10-10.55.02:032][  0]LogTcpMessaging: Initializing TcpMessaging bridge
[2023.02.10-10.55.02:036][  0]LogUdpMessaging: Initializing bridge on interface 0.0.0.0:0 to multicast group 230.0.0.1:6666.
[2023.02.10-10.55.02:227][  0]SourceControl: Source control is disabled
[2023.02.10-10.55.02:227][  0]SourceControl: Source control is disabled
[2023.02.10-10.55.02:303][  0]SourceControl: Source control is disabled
[2023.02.10-10.55.02:311][  0]SourceControl: Source control is disabled
[2023.02.10-10.55.02:326][  0]SourceControl: Source control is disabled
[2023.02.10-10.55.02:397][  0]LogUProjectInfo: Found projects:
[2023.02.10-10.55.02:584][  0]LogOpenImageDenoise: OIDN starting up
[2023.02.10-10.55.02:619][  0]LogAndroidPermission: UAndroidPermissionCallbackProxy::GetInstance
[2023.02.10-10.55.02:636][  0]LogAudioCaptureCore: Display: No Audio Capture implementations found. Audio input will be silent.
[2023.02.10-10.55.02:636][  0]LogAudioCaptureCore: Display: No Audio Capture implementations found. Audio input will be silent.
[2023.02.10-10.55.02:812][  0]LogCollectionManager: Loaded 0 collections in 0.005974 seconds
[2023.02.10-10.55.02:860][  0]LogFileCache: Scanning file cache for directory 'H:/Documents/GitHub/ProgressiveGameEngine/ProgressiveGame/Saved/Collections/' took 0.00s
[2023.02.10-10.55.02:860][  0]LogFileCache: Scanning file cache for directory 'H:/Documents/GitHub/ProgressiveGameEngine/ProgressiveGame/Content/Developers/p2662529/Collections/' took 0.00s
[2023.02.10-10.55.02:860][  0]LogFileCache: Scanning file cache for directory 'H:/Documents/GitHub/ProgressiveGameEngine/ProgressiveGame/Content/Collections/' took 0.00s
[2023.02.10-10.55.02:860][  0]LogOcInput: OculusInput pre-init called
[2023.02.10-10.55.03:081][  0]LogEngine: Initializing Engine...
[2023.02.10-10.55.03:086][  0]LogHMD: Failed to enumerate extensions. Please check that you have a valid OpenXR runtime installed.
[2023.02.10-10.55.03:086][  0]LogHMD: Failed to initialize OpenVR with code 110
[2023.02.10-10.55.03:086][  0]LogMagicLeap: Warning: VR disabled because ZI is not enabled.  To enable, in the editor, Edit -> Project Settings -> Plugins -> Magic Leap Plugin -> Enable Zero Iteration
[2023.02.10-10.55.03:088][  0]LogStats: UGameplayTagsManager::InitializeManager -  0.002 s
[2023.02.10-10.55.03:234][  0]LogInit: Initializing FReadOnlyCVARCache
[2023.02.10-10.55.03:242][  0]LogAIModule: Creating AISystem for world Untitled
[2023.02.10-10.55.03:243][  0]LogAudio: Display: Initializing Audio Device Manager...
[2023.02.10-10.55.03:246][  0]LogAudio: Display: Loading Default Audio Settings Objects...
[2023.02.10-10.55.03:248][  0]LogAudio: Display: No default SoundConcurrencyObject specified (or failed to load).
[2023.02.10-10.55.03:248][  0]LogAudio: Display: Audio Device Manager Initialized
[2023.02.10-10.55.03:248][  0]LogAudio: Display: Creating Audio Device:                 Id: 1, Scope: Shared, Realtime: True
[2023.02.10-10.55.03:248][  0]LogAudioMixer: Display: Audio Mixer Platform Settings:
[2023.02.10-10.55.03:248][  0]LogAudioMixer: Display: 	Sample Rate:						  48000
[2023.02.10-10.55.03:248][  0]LogAudioMixer: Display: 	Callback Buffer Frame Size Requested: 1024
[2023.02.10-10.55.03:248][  0]LogAudioMixer: Display: 	Callback Buffer Frame Size To Use:	  1024
[2023.02.10-10.55.03:248][  0]LogAudioMixer: Display: 	Number of buffers to queue:			  2
[2023.02.10-10.55.03:248][  0]LogAudioMixer: Display: 	Max Channels (voices):				  32
[2023.02.10-10.55.03:248][  0]LogAudioMixer: Display: 	Number of Async Source Workers:		  0
[2023.02.10-10.55.03:248][  0]LogAudio: Display: AudioDevice MaxSources: 32
[2023.02.10-10.55.03:248][  0]LogAudio: Display: Audio Spatialization Plugin: None (built-in).
[2023.02.10-10.55.03:248][  0]LogAudio: Display: Audio Reverb Plugin: None (built-in).
[2023.02.10-10.55.03:248][  0]LogAudio: Display: Audio Occlusion Plugin: None (built-in).
[2023.02.10-10.55.03:248][  0]LogAudioMixer: Display: Initializing audio mixer.
[2023.02.10-10.55.03:266][  0]LogAudioMixer: Display: 0: FrontLeft
[2023.02.10-10.55.03:266][  0]LogAudioMixer: Display: 1: FrontRight
[2023.02.10-10.55.03:326][  0]LogAudioMixer: Display: Using Audio Device Speakers (Realtek(R) Audio)
[2023.02.10-10.55.03:328][  0]LogAudioMixer: Display: Initializing Sound Submixes...
[2023.02.10-10.55.03:336][  0]LogAudioMixer: Display: Creating Master Submix 'MasterSubmixDefault'
[2023.02.10-10.55.03:336][  0]LogAudioMixer: Display: Creating Master Submix 'MasterReverbSubmixDefault'
[2023.02.10-10.55.03:337][  0]LogAudioMixer: Display: Creating Master Submix 'MasterEQSubmixDefault'
[2023.02.10-10.55.03:337][  0]LogAudioMixer: FMixerPlatformXAudio2::StartAudioStream() called
[2023.02.10-10.55.03:337][  0]LogAudioMixer: Display: Output buffers initialized: Frames=1024, Channels=2, Samples=2048
[2023.02.10-10.55.03:337][  0]LogAudioMixer: Display: Starting AudioMixerPlatformInterface::RunInternal()
[2023.02.10-10.55.03:337][  0]LogAudioMixer: Display: FMixerPlatformXAudio2::SubmitBuffer() called for the first time
[2023.02.10-10.55.03:337][  0]LogInit: FAudioDevice initialized.
[2023.02.10-10.55.03:338][  0]LogAudio: Display: Audio Device (ID: 1) registered with world 'Untitled'.
[2023.02.10-10.55.03:338][  0]LogNetVersion: Set ProjectVersion to 1.0.0.0. Version Checksum will be recalculated on next use.
[2023.02.10-10.55.03:382][  0]LogDerivedDataCache: Saved boot cache 0.04s 94MB C:/Users/p2662529/AppData/Local/UnrealEngine/4.27/DerivedDataCache/Boot.ddc.
[2023.02.10-10.55.03:385][  0]LogInit: Texture streaming: Enabled
[2023.02.10-10.55.03:397][  0]LogAnalytics: Display: [UEEditor.Rocket.Release] APIServer = https://datarouter.ol.epicgames.com/. AppVersion = 4.27.2-18319896+++UE4+Release-4.27
[2023.02.10-10.55.03:402][  0]LogEngineSessionManager: EngineSessionManager initialized
[2023.02.10-10.55.03:402][  0]LogEditorSessionSummary: Verbose: Initializing EditorSessionSummaryWriter for editor session tracking
[2023.02.10-10.55.03:408][  0]LogEditorSessionSummary: EditorSessionSummaryWriter initialized
[2023.02.10-10.55.03:520][  0]LogInit: Transaction tracking system initialized
[2023.02.10-10.55.03:543][  0]BlueprintLog: New page: Editor Load
[2023.02.10-10.55.03:626][  0]LocalizationService: Localization service is disabled
[2023.02.10-10.55.03:677][  0]TimingProfiler: Initialize
[2023.02.10-10.55.03:677][  0]TimingProfiler: OnSessionChanged
[2023.02.10-10.55.03:677][  0]LoadingProfiler: Initialize
[2023.02.10-10.55.03:677][  0]LoadingProfiler: OnSessionChanged
[2023.02.10-10.55.03:677][  0]NetworkingProfiler: Initialize
[2023.02.10-10.55.03:677][  0]NetworkingProfiler: OnSessionChanged
[2023.02.10-10.55.03:677][  0]MemoryProfiler: Initialize
[2023.02.10-10.55.03:677][  0]MemoryProfiler: OnSessionChanged
[2023.02.10-10.55.03:946][  0]LogCook: Display: CookSettings for Memory: MemoryMaxUsedVirtual 0MiB, MemoryMaxUsedPhysical 16384MiB, MemoryMinFreeVirtual 0MiB, MemoryMinFreePhysical 1024MiB
[2023.02.10-10.55.03:946][  0]LogCook: Display: Mobile HDR setting 1
[2023.02.10-10.55.04:143][  0]LogFileCache: Scanning file cache for directory 'H:/Documents/GitHub/ProgressiveGameEngine/ProgressiveGame/Content/' took 0.02s
[2023.02.10-10.55.04:289][  0]LogInit: Display: Engine is initialized. Leaving FEngineLoop::Init()
[2023.02.10-10.55.04:294][  0]SourceControl: Source control is disabled
[2023.02.10-10.55.04:294][  0]LogUnrealEdMisc: Loading editor; pre map load, took 12.971
[2023.02.10-10.55.04:294][  0]Cmd: MAP LOAD FILE="H:/Documents/GitHub/ProgressiveGameEngine/ProgressiveGame/Content/ThirdPersonBP/Maps/ThirdPersonExampleMap.umap" TEMPLATE=0 SHOWPROGRESS=1 FEATURELEVEL=3
[2023.02.10-10.55.04:295][  0]LightingResults: New page: Lighting Build
[2023.02.10-10.55.04:296][  0]LogWorld: UWorld::CleanupWorld for Untitled, bSessionEnded=true, bCleanupResources=true
[2023.02.10-10.55.04:296][  0]LogSlate: InvalidateAllWidgets triggered.  All widgets were invalidated
[2023.02.10-10.55.04:296][  0]MapCheck: New page: Map Check
[2023.02.10-10.55.04:296][  0]LightingResults: New page: Lighting Build
[2023.02.10-10.55.04:312][  0]LogAudio: Display: Audio Device unregistered from world 'None'.
[2023.02.10-10.55.04:314][  0]LogUObjectHash: Compacting FUObjectHashTables data took   0.63ms
[2023.02.10-10.55.06:092][  0]LogAudio: Display: Audio Device (ID: 1) registered with world 'ThirdPersonExampleMap'.
[2023.02.10-10.55.06:093][  0]LogAIModule: Creating AISystem for world ThirdPersonExampleMap
[2023.02.10-10.55.06:099][  0]LogEditorServer: Finished looking for orphan Actors (0.000 secs)
[2023.02.10-10.55.06:106][  0]LogUObjectHash: Compacting FUObjectHashTables data took   0.74ms
[2023.02.10-10.55.06:106][  0]Cmd: MAP CHECKDEP NOCLEARLOG
[2023.02.10-10.55.06:107][  0]MapCheck: Map check complete: 0 Error(s), 0 Warning(s), took 0.299ms to complete.
[2023.02.10-10.55.06:107][  0]LogFileHelpers: Loading map 'ThirdPersonExampleMap' took 1.813
[2023.02.10-10.55.06:109][  0]LogUnrealEdMisc: Total Editor Startup Time, took 14.786
[2023.02.10-10.55.06:246][  0]LogSlate: Updating window title bar state: overlay mode, drag disabled, window buttons hidden, title bar hidden
[2023.02.10-10.55.06:250][  0]LogSlate: Updating window title bar state: overlay mode, drag disabled, window buttons hidden, title bar hidden
[2023.02.10-10.55.06:254][  0]LogSlate: Updating window title bar state: overlay mode, drag disabled, window buttons hidden, title bar hidden
[2023.02.10-10.55.06:258][  0]LogSlate: Updating window title bar state: overlay mode, drag disabled, window buttons hidden, title bar hidden
[2023.02.10-10.55.06:274][  0]LogNativeClassHierarchy: Verbose: Native class hierarchy populated in 0.0072 seconds. Added 3822 classes and 928 folders.
[2023.02.10-10.55.06:276][  0]LogNativeClassHierarchy: Verbose: Native class hierarchy updated for 'WidgetCarousel' in 0.0002 seconds. Added 0 classes and 0 folders.
[2023.02.10-10.55.06:283][  0]LogPakFile: PakFile PrimaryIndexSize=187
[2023.02.10-10.55.06:283][  0]LogPakFile: PakFile PathHashIndexSize=101
[2023.02.10-10.55.06:283][  0]LogPakFile: PakFile FullDirectoryIndexSize=148
[2023.02.10-10.55.06:283][  0]LogShaderLibrary: Display: ShaderCodeLibraryPakFileMountedCallback: PakFile 'C:/Program Files/Epic Games/UE_4.27/FeaturePacks/FP_FirstPerson.upack' (chunk index -1, root 'root:/') mounted
[2023.02.10-10.55.06:283][  0]LogShaderLibrary: Display: ShaderCodeLibraryPakFileMountedCallback: pending pak file info (ChunkID:-1 Root:root:/ File:C:/Program Files/Epic Games/UE_4.27/FeaturePacks/FP_FirstPerson.upack)
[2023.02.10-10.55.06:283][  0]LogPakFile: OnPakFileMounted2Time == 0.000048
[2023.02.10-10.55.06:285][  0]LogPakFile: PakFile PrimaryIndexSize=189
[2023.02.10-10.55.06:285][  0]LogPakFile: PakFile PathHashIndexSize=101
[2023.02.10-10.55.06:285][  0]LogPakFile: PakFile FullDirectoryIndexSize=152
[2023.02.10-10.55.06:285][  0]LogShaderLibrary: Display: ShaderCodeLibraryPakFileMountedCallback: PakFile 'C:/Program Files/Epic Games/UE_4.27/FeaturePacks/FP_FirstPersonBP.upack' (chunk index -1, root 'root:/') mounted
[2023.02.10-10.55.06:285][  0]LogShaderLibrary: Display: ShaderCodeLibraryPakFileMountedCallback: pending pak file info (ChunkID:-1 Root:root:/ File:C:/Program Files/Epic Games/UE_4.27/FeaturePacks/FP_FirstPersonBP.upack)
[2023.02.10-10.55.06:285][  0]LogPakFile: OnPakFileMounted2Time == 0.000031
[2023.02.10-10.55.06:286][  0]LogPakFile: PakFile PrimaryIndexSize=191
[2023.02.10-10.55.06:286][  0]LogPakFile: PakFile PathHashIndexSize=101
[2023.02.10-10.55.06:286][  0]LogPakFile: PakFile FullDirectoryIndexSize=160
[2023.02.10-10.55.06:287][  0]LogShaderLibrary: Display: ShaderCodeLibraryPakFileMountedCallback: PakFile 'C:/Program Files/Epic Games/UE_4.27/FeaturePacks/MobileStarterContent.upack' (chunk index -1, root 'root:/') mounted
[2023.02.10-10.55.06:287][  0]LogShaderLibrary: Display: ShaderCodeLibraryPakFileMountedCallback: pending pak file info (ChunkID:-1 Root:root:/ File:C:/Program Files/Epic Games/UE_4.27/FeaturePacks/MobileStarterContent.upack)
[2023.02.10-10.55.06:287][  0]LogPakFile: OnPakFileMounted2Time == 0.000030
[2023.02.10-10.55.06:288][  0]LogPakFile: PakFile PrimaryIndexSize=185
[2023.02.10-10.55.06:288][  0]LogPakFile: PakFile PathHashIndexSize=101
[2023.02.10-10.55.06:288][  0]LogPakFile: PakFile FullDirectoryIndexSize=148
[2023.02.10-10.55.06:288][  0]LogShaderLibrary: Display: ShaderCodeLibraryPakFileMountedCallback: PakFile 'C:/Program Files/Epic Games/UE_4.27/FeaturePacks/StarterContent.upack' (chunk index -1, root 'root:/') mounted
[2023.02.10-10.55.06:288][  0]LogShaderLibrary: Display: ShaderCodeLibraryPakFileMountedCallback: pending pak file info (ChunkID:-1 Root:root:/ File:C:/Program Files/Epic Games/UE_4.27/FeaturePacks/StarterContent.upack)
[2023.02.10-10.55.06:288][  0]LogPakFile: OnPakFileMounted2Time == 0.000029
[2023.02.10-10.55.06:290][  0]LogPakFile: PakFile PrimaryIndexSize=190
[2023.02.10-10.55.06:290][  0]LogPakFile: PakFile PathHashIndexSize=101
[2023.02.10-10.55.06:290][  0]LogPakFile: PakFile FullDirectoryIndexSize=154
[2023.02.10-10.55.06:290][  0]LogShaderLibrary: Display: ShaderCodeLibraryPakFileMountedCallback: PakFile 'C:/Program Files/Epic Games/UE_4.27/FeaturePacks/TP_2DSideScroller.upack' (chunk index -1, root 'root:/') mounted
[2023.02.10-10.55.06:290][  0]LogShaderLibrary: Display: ShaderCodeLibraryPakFileMountedCallback: pending pak file info (ChunkID:-1 Root:root:/ File:C:/Program Files/Epic Games/UE_4.27/FeaturePacks/TP_2DSideScroller.upack)
[2023.02.10-10.55.06:290][  0]LogPakFile: OnPakFileMounted2Time == 0.000028
[2023.02.10-10.55.06:292][  0]LogPakFile: PakFile PrimaryIndexSize=192
[2023.02.10-10.55.06:292][  0]LogPakFile: PakFile PathHashIndexSize=101
[2023.02.10-10.55.06:292][  0]LogPakFile: PakFile FullDirectoryIndexSize=158
[2023.02.10-10.55.06:292][  0]LogShaderLibrary: Display: ShaderCodeLibraryPakFileMountedCallback: PakFile 'C:/Program Files/Epic Games/UE_4.27/FeaturePacks/TP_2DSideScrollerBP.upack' (chunk index -1, root 'root:/') mounted
[2023.02.10-10.55.06:292][  0]LogShaderLibrary: Display: ShaderCodeLibraryPakFileMountedCallback: pending pak file info (ChunkID:-1 Root:root:/ File:C:/Program Files/Epic Games/UE_4.27/FeaturePacks/TP_2DSideScrollerBP.upack)
[2023.02.10-10.55.06:292][  0]LogPakFile: OnPakFileMounted2Time == 0.000028
[2023.02.10-10.55.06:293][  0]LogPakFile: PakFile PrimaryIndexSize=182
[2023.02.10-10.55.06:293][  0]LogPakFile: PakFile PathHashIndexSize=101
[2023.02.10-10.55.06:294][  0]LogPakFile: PakFile FullDirectoryIndexSize=138
[2023.02.10-10.55.06:294][  0]LogShaderLibrary: Display: ShaderCodeLibraryPakFileMountedCallback: PakFile 'C:/Program Files/Epic Games/UE_4.27/FeaturePacks/TP_Flying.upack' (chunk index -1, root 'root:/') mounted
[2023.02.10-10.55.06:294][  0]LogShaderLibrary: Display: ShaderCodeLibraryPakFileMountedCallback: pending pak file info (ChunkID:-1 Root:root:/ File:C:/Program Files/Epic Games/UE_4.27/FeaturePacks/TP_Flying.upack)
[2023.02.10-10.55.06:294][  0]LogPakFile: OnPakFileMounted2Time == 0.000027
[2023.02.10-10.55.06:295][  0]LogPakFile: PakFile PrimaryIndexSize=184
[2023.02.10-10.55.06:295][  0]LogPakFile: PakFile PathHashIndexSize=101
[2023.02.10-10.55.06:295][  0]LogPakFile: PakFile FullDirectoryIndexSize=142
[2023.02.10-10.55.06:295][  0]LogShaderLibrary: Display: ShaderCodeLibraryPakFileMountedCallback: PakFile 'C:/Program Files/Epic Games/UE_4.27/FeaturePacks/TP_FlyingBP.upack' (chunk index -1, root 'root:/') mounted
[2023.02.10-10.55.06:295][  0]LogShaderLibrary: Display: ShaderCodeLibraryPakFileMountedCallback: pending pak file info (ChunkID:-1 Root:root:/ File:C:/Program Files/Epic Games/UE_4.27/FeaturePacks/TP_FlyingBP.upack)
[2023.02.10-10.55.06:295][  0]LogPakFile: OnPakFileMounted2Time == 0.000027
[2023.02.10-10.55.06:297][  0]LogPakFile: PakFile PrimaryIndexSize=188
[2023.02.10-10.55.06:297][  0]LogPakFile: PakFile PathHashIndexSize=101
[2023.02.10-10.55.06:297][  0]LogPakFile: PakFile FullDirectoryIndexSize=150
[2023.02.10-10.55.06:297][  0]LogShaderLibrary: Display: ShaderCodeLibraryPakFileMountedCallback: PakFile 'C:/Program Files/Epic Games/UE_4.27/FeaturePacks/TP_HandheldARBP.upack' (chunk index -1, root 'root:/') mounted
[2023.02.10-10.55.06:297][  0]LogShaderLibrary: Display: ShaderCodeLibraryPakFileMountedCallback: pending pak file info (ChunkID:-1 Root:root:/ File:C:/Program Files/Epic Games/UE_4.27/FeaturePacks/TP_HandheldARBP.upack)
[2023.02.10-10.55.06:297][  0]LogPakFile: OnPakFileMounted2Time == 0.000027
[2023.02.10-10.55.06:299][  0]LogPakFile: PakFile PrimaryIndexSize=182
[2023.02.10-10.55.06:299][  0]LogPakFile: PakFile PathHashIndexSize=101
[2023.02.10-10.55.06:299][  0]LogPakFile: PakFile FullDirectoryIndexSize=138
[2023.02.10-10.55.06:299][  0]LogShaderLibrary: Display: ShaderCodeLibraryPakFileMountedCallback: PakFile 'C:/Program Files/Epic Games/UE_4.27/FeaturePacks/TP_Puzzle.upack' (chunk index -1, root 'root:/') mounted
[2023.02.10-10.55.06:299][  0]LogShaderLibrary: Display: ShaderCodeLibraryPakFileMountedCallback: pending pak file info (ChunkID:-1 Root:root:/ File:C:/Program Files/Epic Games/UE_4.27/FeaturePacks/TP_Puzzle.upack)
[2023.02.10-10.55.06:299][  0]LogPakFile: OnPakFileMounted2Time == 0.000028
[2023.02.10-10.55.06:301][  0]LogPakFile: PakFile PrimaryIndexSize=184
[2023.02.10-10.55.06:301][  0]LogPakFile: PakFile PathHashIndexSize=101
[2023.02.10-10.55.06:301][  0]LogPakFile: PakFile FullDirectoryIndexSize=142
[2023.02.10-10.55.06:301][  0]LogShaderLibrary: Display: ShaderCodeLibraryPakFileMountedCallback: PakFile 'C:/Program Files/Epic Games/UE_4.27/FeaturePacks/TP_PuzzleBP.upack' (chunk index -1, root 'root:/') mounted
[2023.02.10-10.55.06:301][  0]LogShaderLibrary: Display: ShaderCodeLibraryPakFileMountedCallback: pending pak file info (ChunkID:-1 Root:root:/ File:C:/Program Files/Epic Games/UE_4.27/FeaturePacks/TP_PuzzleBP.upack)
[2023.02.10-10.55.06:301][  0]LogPakFile: OnPakFileMounted2Time == 0.000027
[2023.02.10-10.55.06:302][  0]LogPakFile: PakFile PrimaryIndexSize=183
[2023.02.10-10.55.06:302][  0]LogPakFile: PakFile PathHashIndexSize=101
[2023.02.10-10.55.06:302][  0]LogPakFile: PakFile FullDirectoryIndexSize=140
[2023.02.10-10.55.06:302][  0]LogShaderLibrary: Display: ShaderCodeLibraryPakFileMountedCallback: PakFile 'C:/Program Files/Epic Games/UE_4.27/FeaturePacks/TP_Rolling.upack' (chunk index -1, root 'root:/') mounted
[2023.02.10-10.55.06:302][  0]LogShaderLibrary: Display: ShaderCodeLibraryPakFileMountedCallback: pending pak file info (ChunkID:-1 Root:root:/ File:C:/Program Files/Epic Games/UE_4.27/FeaturePacks/TP_Rolling.upack)
[2023.02.10-10.55.06:302][  0]LogPakFile: OnPakFileMounted2Time == 0.000027
[2023.02.10-10.55.06:304][  0]LogPakFile: PakFile PrimaryIndexSize=185
[2023.02.10-10.55.06:304][  0]LogPakFile: PakFile PathHashIndexSize=101
[2023.02.10-10.55.06:304][  0]LogPakFile: PakFile FullDirectoryIndexSize=144
[2023.02.10-10.55.06:304][  0]LogShaderLibrary: Display: ShaderCodeLibraryPakFileMountedCallback: PakFile 'C:/Program Files/Epic Games/UE_4.27/FeaturePacks/TP_RollingBP.upack' (chunk index -1, root 'root:/') mounted
[2023.02.10-10.55.06:304][  0]LogShaderLibrary: Display: ShaderCodeLibraryPakFileMountedCallback: pending pak file info (ChunkID:-1 Root:root:/ File:C:/Program Files/Epic Games/UE_4.27/FeaturePacks/TP_RollingBP.upack)
[2023.02.10-10.55.06:304][  0]LogPakFile: OnPakFileMounted2Time == 0.000027
[2023.02.10-10.55.06:306][  0]LogPakFile: PakFile PrimaryIndexSize=188
[2023.02.10-10.55.06:306][  0]LogPakFile: PakFile PathHashIndexSize=101
[2023.02.10-10.55.06:306][  0]LogPakFile: PakFile FullDirectoryIndexSize=150
[2023.02.10-10.55.06:306][  0]LogShaderLibrary: Display: ShaderCodeLibraryPakFileMountedCallback: PakFile 'C:/Program Files/Epic Games/UE_4.27/FeaturePacks/TP_SideScroller.upack' (chunk index -1, root 'root:/') mounted
[2023.02.10-10.55.06:306][  0]LogShaderLibrary: Display: ShaderCodeLibraryPakFileMountedCallback: pending pak file info (ChunkID:-1 Root:root:/ File:C:/Program Files/Epic Games/UE_4.27/FeaturePacks/TP_SideScroller.upack)
[2023.02.10-10.55.06:306][  0]LogPakFile: OnPakFileMounted2Time == 0.000027
[2023.02.10-10.55.06:307][  0]LogPakFile: PakFile PrimaryIndexSize=190
[2023.02.10-10.55.06:307][  0]LogPakFile: PakFile PathHashIndexSize=101
[2023.02.10-10.55.06:307][  0]LogPakFile: PakFile FullDirectoryIndexSize=154
[2023.02.10-10.55.06:307][  0]LogShaderLibrary: Display: ShaderCodeLibraryPakFileMountedCallback: PakFile 'C:/Program Files/Epic Games/UE_4.27/FeaturePacks/TP_SideScrollerBP.upack' (chunk index -1, root 'root:/') mounted
[2023.02.10-10.55.06:307][  0]LogShaderLibrary: Display: ShaderCodeLibraryPakFileMountedCallback: pending pak file info (ChunkID:-1 Root:root:/ File:C:/Program Files/Epic Games/UE_4.27/FeaturePacks/TP_SideScrollerBP.upack)
[2023.02.10-10.55.06:308][  0]LogPakFile: OnPakFileMounted2Time == 0.000033
[2023.02.10-10.55.06:309][  0]LogPakFile: PakFile PrimaryIndexSize=187
[2023.02.10-10.55.06:309][  0]LogPakFile: PakFile PathHashIndexSize=101
[2023.02.10-10.55.06:309][  0]LogPakFile: PakFile FullDirectoryIndexSize=148
[2023.02.10-10.55.06:309][  0]LogShaderLibrary: Display: ShaderCodeLibraryPakFileMountedCallback: PakFile 'C:/Program Files/Epic Games/UE_4.27/FeaturePacks/TP_ThirdPerson.upack' (chunk index -1, root 'root:/') mounted
[2023.02.10-10.55.06:309][  0]LogShaderLibrary: Display: ShaderCodeLibraryPakFileMountedCallback: pending pak file info (ChunkID:-1 Root:root:/ File:C:/Program Files/Epic Games/UE_4.27/FeaturePacks/TP_ThirdPerson.upack)
[2023.02.10-10.55.06:309][  0]LogPakFile: OnPakFileMounted2Time == 0.000028
[2023.02.10-10.55.06:311][  0]LogPakFile: PakFile PrimaryIndexSize=189
[2023.02.10-10.55.06:311][  0]LogPakFile: PakFile PathHashIndexSize=101
[2023.02.10-10.55.06:311][  0]LogPakFile: PakFile FullDirectoryIndexSize=152
[2023.02.10-10.55.06:311][  0]LogShaderLibrary: Display: ShaderCodeLibraryPakFileMountedCallback: PakFile 'C:/Program Files/Epic Games/UE_4.27/FeaturePacks/TP_ThirdPersonBP.upack' (chunk index -1, root 'root:/') mounted
[2023.02.10-10.55.06:311][  0]LogShaderLibrary: Display: ShaderCodeLibraryPakFileMountedCallback: pending pak file info (ChunkID:-1 Root:root:/ File:C:/Program Files/Epic Games/UE_4.27/FeaturePacks/TP_ThirdPersonBP.upack)
[2023.02.10-10.55.06:311][  0]LogPakFile: OnPakFileMounted2Time == 0.000027
[2023.02.10-10.55.06:313][  0]LogPakFile: PakFile PrimaryIndexSize=183
[2023.02.10-10.55.06:313][  0]LogPakFile: PakFile PathHashIndexSize=101
[2023.02.10-10.55.06:313][  0]LogPakFile: PakFile FullDirectoryIndexSize=140
[2023.02.10-10.55.06:313][  0]LogShaderLibrary: Display: ShaderCodeLibraryPakFileMountedCallback: PakFile 'C:/Program Files/Epic Games/UE_4.27/FeaturePacks/TP_TopDown.upack' (chunk index -1, root 'root:/') mounted
[2023.02.10-10.55.06:313][  0]LogShaderLibrary: Display: ShaderCodeLibraryPakFileMountedCallback: pending pak file info (ChunkID:-1 Root:root:/ File:C:/Program Files/Epic Games/UE_4.27/FeaturePacks/TP_TopDown.upack)
[2023.02.10-10.55.06:313][  0]LogPakFile: OnPakFileMounted2Time == 0.000033
[2023.02.10-10.55.06:314][  0]LogPakFile: PakFile PrimaryIndexSize=185
[2023.02.10-10.55.06:314][  0]LogPakFile: PakFile PathHashIndexSize=101
[2023.02.10-10.55.06:314][  0]LogPakFile: PakFile FullDirectoryIndexSize=144
[2023.02.10-10.55.06:314][  0]LogShaderLibrary: Display: ShaderCodeLibraryPakFileMountedCallback: PakFile 'C:/Program Files/Epic Games/UE_4.27/FeaturePacks/TP_TopDownBP.upack' (chunk index -1, root 'root:/') mounted
[2023.02.10-10.55.06:314][  0]LogShaderLibrary: Display: ShaderCodeLibraryPakFileMountedCallback: pending pak file info (ChunkID:-1 Root:root:/ File:C:/Program Files/Epic Games/UE_4.27/FeaturePacks/TP_TopDownBP.upack)
[2023.02.10-10.55.06:314][  0]LogPakFile: OnPakFileMounted2Time == 0.000026
[2023.02.10-10.55.06:316][  0]LogPakFile: PakFile PrimaryIndexSize=185
[2023.02.10-10.55.06:316][  0]LogPakFile: PakFile PathHashIndexSize=101
[2023.02.10-10.55.06:316][  0]LogPakFile: PakFile FullDirectoryIndexSize=144
[2023.02.10-10.55.06:316][  0]LogShaderLibrary: Display: ShaderCodeLibraryPakFileMountedCallback: PakFile 'C:/Program Files/Epic Games/UE_4.27/FeaturePacks/TP_TwinStick.upack' (chunk index -1, root 'root:/') mounted
[2023.02.10-10.55.06:316][  0]LogShaderLibrary: Display: ShaderCodeLibraryPakFileMountedCallback: pending pak file info (ChunkID:-1 Root:root:/ File:C:/Program Files/Epic Games/UE_4.27/FeaturePacks/TP_TwinStick.upack)
[2023.02.10-10.55.06:316][  0]LogPakFile: OnPakFileMounted2Time == 0.000027
[2023.02.10-10.55.06:318][  0]LogPakFile: PakFile PrimaryIndexSize=187
[2023.02.10-10.55.06:318][  0]LogPakFile: PakFile PathHashIndexSize=101
[2023.02.10-10.55.06:318][  0]LogPakFile: PakFile FullDirectoryIndexSize=148
[2023.02.10-10.55.06:318][  0]LogShaderLibrary: Display: ShaderCodeLibraryPakFileMountedCallback: PakFile 'C:/Program Files/Epic Games/UE_4.27/FeaturePacks/TP_TwinStickBP.upack' (chunk index -1, root 'root:/') mounted
[2023.02.10-10.55.06:318][  0]LogShaderLibrary: Display: ShaderCodeLibraryPakFileMountedCallback: pending pak file info (ChunkID:-1 Root:root:/ File:C:/Program Files/Epic Games/UE_4.27/FeaturePacks/TP_TwinStickBP.upack)
[2023.02.10-10.55.06:318][  0]LogPakFile: OnPakFileMounted2Time == 0.000027
[2023.02.10-10.55.06:319][  0]LogPakFile: PakFile PrimaryIndexSize=183
[2023.02.10-10.55.06:319][  0]LogPakFile: PakFile PathHashIndexSize=101
[2023.02.10-10.55.06:319][  0]LogPakFile: PakFile FullDirectoryIndexSize=140
[2023.02.10-10.55.06:319][  0]LogShaderLibrary: Display: ShaderCodeLibraryPakFileMountedCallback: PakFile 'C:/Program Files/Epic Games/UE_4.27/FeaturePacks/TP_Vehicle.upack' (chunk index -1, root 'root:/') mounted
[2023.02.10-10.55.06:319][  0]LogShaderLibrary: Display: ShaderCodeLibraryPakFileMountedCallback: pending pak file info (ChunkID:-1 Root:root:/ File:C:/Program Files/Epic Games/UE_4.27/FeaturePacks/TP_Vehicle.upack)
[2023.02.10-10.55.06:319][  0]LogPakFile: OnPakFileMounted2Time == 0.000027
[2023.02.10-10.55.06:321][  0]LogPakFile: PakFile PrimaryIndexSize=186
[2023.02.10-10.55.06:321][  0]LogPakFile: PakFile PathHashIndexSize=101
[2023.02.10-10.55.06:321][  0]LogPakFile: PakFile FullDirectoryIndexSize=146
[2023.02.10-10.55.06:321][  0]LogShaderLibrary: Display: ShaderCodeLibraryPakFileMountedCallback: PakFile 'C:/Program Files/Epic Games/UE_4.27/FeaturePacks/TP_VehicleAdv.upack' (chunk index -1, root 'root:/') mounted
[2023.02.10-10.55.06:321][  0]LogShaderLibrary: Display: ShaderCodeLibraryPakFileMountedCallback: pending pak file info (ChunkID:-1 Root:root:/ File:C:/Program Files/Epic Games/UE_4.27/FeaturePacks/TP_VehicleAdv.upack)
[2023.02.10-10.55.06:321][  0]LogPakFile: OnPakFileMounted2Time == 0.000030
[2023.02.10-10.55.06:324][  0]LogPakFile: PakFile PrimaryIndexSize=188
[2023.02.10-10.55.06:324][  0]LogPakFile: PakFile PathHashIndexSize=101
[2023.02.10-10.55.06:324][  0]LogPakFile: PakFile FullDirectoryIndexSize=150
[2023.02.10-10.55.06:324][  0]LogShaderLibrary: Display: ShaderCodeLibraryPakFileMountedCallback: PakFile 'C:/Program Files/Epic Games/UE_4.27/FeaturePacks/TP_VehicleAdvBP.upack' (chunk index -1, root 'root:/') mounted
[2023.02.10-10.55.06:324][  0]LogShaderLibrary: Display: ShaderCodeLibraryPakFileMountedCallback: pending pak file info (ChunkID:-1 Root:root:/ File:C:/Program Files/Epic Games/UE_4.27/FeaturePacks/TP_VehicleAdvBP.upack)
[2023.02.10-10.55.06:324][  0]LogPakFile: OnPakFileMounted2Time == 0.000031
[2023.02.10-10.55.06:326][  0]LogPakFile: PakFile PrimaryIndexSize=185
[2023.02.10-10.55.06:326][  0]LogPakFile: PakFile PathHashIndexSize=101
[2023.02.10-10.55.06:326][  0]LogPakFile: PakFile FullDirectoryIndexSize=144
[2023.02.10-10.55.06:326][  0]LogShaderLibrary: Display: ShaderCodeLibraryPakFileMountedCallback: PakFile 'C:/Program Files/Epic Games/UE_4.27/FeaturePacks/TP_VehicleBP.upack' (chunk index -1, root 'root:/') mounted
[2023.02.10-10.55.06:326][  0]LogShaderLibrary: Display: ShaderCodeLibraryPakFileMountedCallback: pending pak file info (ChunkID:-1 Root:root:/ File:C:/Program Files/Epic Games/UE_4.27/FeaturePacks/TP_VehicleBP.upack)
[2023.02.10-10.55.06:326][  0]LogPakFile: OnPakFileMounted2Time == 0.000029
[2023.02.10-10.55.06:328][  0]LogPakFile: PakFile PrimaryIndexSize=192
[2023.02.10-10.55.06:328][  0]LogPakFile: PakFile PathHashIndexSize=101
[2023.02.10-10.55.06:328][  0]LogPakFile: PakFile FullDirectoryIndexSize=158
[2023.02.10-10.55.06:328][  0]LogShaderLibrary: Display: ShaderCodeLibraryPakFileMountedCallback: PakFile 'C:/Program Files/Epic Games/UE_4.27/FeaturePacks/TP_VirtualRealityBP.upack' (chunk index -1, root 'root:/') mounted
[2023.02.10-10.55.06:328][  0]LogShaderLibrary: Display: ShaderCodeLibraryPakFileMountedCallback: pending pak file info (ChunkID:-1 Root:root:/ File:C:/Program Files/Epic Games/UE_4.27/FeaturePacks/TP_VirtualRealityBP.upack)
[2023.02.10-10.55.06:328][  0]LogPakFile: OnPakFileMounted2Time == 0.000027
[2023.02.10-10.55.06:443][  0]LogNativeClassHierarchy: Verbose: Native class hierarchy updated for 'AddContentDialog' in 0.0002 seconds. Added 0 classes and 0 folders.
[2023.02.10-10.55.06:445][  0]LogNativeClassHierarchy: Verbose: Native class hierarchy updated for 'SceneOutliner' in 0.0002 seconds. Added 2 classes and 0 folders.
[2023.02.10-10.55.06:560][  0]LogSlate: Took 0.002233 seconds to synchronously load lazily loaded font '../../../Engine/Content/Slate/Fonts/Roboto-Regular.ttf' (155K)
[2023.02.10-10.55.06:562][  0]LogSlate: Took 0.001312 seconds to synchronously load lazily loaded font '../../../Engine/Content/Editor/Slate/Fonts/FontAwesome.ttf' (139K)
[2023.02.10-10.55.06:564][  0]LogSlate: Took 0.001258 seconds to synchronously load lazily loaded font '../../../Engine/Content/Slate/Fonts/Roboto-Bold.ttf' (160K)
[2023.02.10-10.55.06:651][  0]LogRenderer: Reallocating scene render targets to support 1180x652 Format 10 NumSamples 1 (Frame:1).
[2023.02.10-10.55.06:724][  0]LogNativeClassHierarchy: Verbose: Native class hierarchy updated for 'HierarchicalLODOutliner' in 0.0002 seconds. Added 0 classes and 0 folders.
[2023.02.10-10.55.06:724][  0]LogInput: Warning: Action Jump uses invalid key OculusGo_Left_Trigger_Click.
[2023.02.10-10.55.06:724][  0]LogInput: Warning: Action ResetVR uses invalid key OculusGo_Left_Trackpad_Click.
[2023.02.10-10.55.06:724][  0]LogInput: Warning: Use -RemoveInvalidKeys to remove instances of these keys from the action mapping.
[2023.02.10-10.55.06:724][  0]LogLoad: (Engine Initialization) Total time: 15.40 seconds
[2023.02.10-10.55.06:724][  0]LogLoad: (Engine Initialization) Total Blueprint compile time: 0.00 seconds
[2023.02.10-10.55.06:756][  0]LogAssetRegistry: Asset discovery search completed in 6.8102 seconds
[2023.02.10-10.55.06:769][  0]LogCollectionManager: Fixed up redirectors for 0 collections in 0.000003 seconds (updated 0 objects)
[2023.02.10-10.55.06:770][  0]LogContentStreaming: Texture pool size now 1000 MB
[2023.02.10-10.55.06:928][  3]LogSlate: Took 0.001646 seconds to synchronously load lazily loaded font '../../../Engine/Content/Slate/Fonts/Roboto-Light.ttf' (167K)
